0    [AWT-EventQueue-0] INFO  ca.sqlpower.architect.ArchitectUtils  - Log4J configured successfully
489  [AWT-EventQueue-0] INFO  ca.sqlpower.sql.PlDotIni  - Beginning to read/merge new pl.ini data
551  [AWT-EventQueue-0] INFO  ca.sqlpower.sql.PlDotIni  - Finished reading file.
551  [AWT-EventQueue-0] INFO  ca.sqlpower.sql.PlDotIni  - Beginning to read/merge new pl.ini data
598  [AWT-EventQueue-0] INFO  ca.sqlpower.sql.PlDotIni  - Finished reading file.
3018 [Thread-5] ERROR ca.sqlpower.architect.swingui.action.CheckForUpdateAction  - Fail to retrieve current version number!
0    [AWT-EventQueue-0] INFO  ca.sqlpower.architect.ArchitectUtils  - Log4J configured successfully
0    [AWT-EventQueue-0] INFO  ca.sqlpower.architect.ArchitectUtils  - Log4J configured successfully
554  [AWT-EventQueue-0] INFO  ca.sqlpower.sql.PlDotIni  - Beginning to read/merge new pl.ini data
555  [AWT-EventQueue-0] INFO  ca.sqlpower.sql.PlDotIni  - Beginning to read/merge new pl.ini data
639  [AWT-EventQueue-0] INFO  ca.sqlpower.sql.PlDotIni  - Finished reading file.
641  [AWT-EventQueue-0] INFO  ca.sqlpower.sql.PlDotIni  - Beginning to read/merge new pl.ini data
731  [AWT-EventQueue-0] INFO  ca.sqlpower.sql.PlDotIni  - Finished reading file.
688  [AWT-EventQueue-0] INFO  ca.sqlpower.sql.PlDotIni  - Finished reading file.
688  [AWT-EventQueue-0] INFO  ca.sqlpower.sql.PlDotIni  - Beginning to read/merge new pl.ini data
752  [AWT-EventQueue-0] INFO  ca.sqlpower.sql.PlDotIni  - Finished reading file.
3694 [Thread-5] ERROR ca.sqlpower.architect.swingui.action.CheckForUpdateAction  - Fail to retrieve current version number!
3737 [Thread-5] ERROR ca.sqlpower.architect.swingui.action.CheckForUpdateAction  - Fail to retrieve current version number!
0    [AWT-EventQueue-0] INFO  ca.sqlpower.architect.ArchitectUtils  - Log4J configured successfully
505  [AWT-EventQueue-0] INFO  ca.sqlpower.sql.PlDotIni  - Beginning to read/merge new pl.ini data
579  [AWT-EventQueue-0] INFO  ca.sqlpower.sql.PlDotIni  - Finished reading file.
579  [AWT-EventQueue-0] INFO  ca.sqlpower.sql.PlDotIni  - Beginning to read/merge new pl.ini data
634  [AWT-EventQueue-0] INFO  ca.sqlpower.sql.PlDotIni  - Finished reading file.
3215 [Thread-5] ERROR ca.sqlpower.architect.swingui.action.CheckForUpdateAction  - Fail to retrieve current version number!
3635835 [Refresh database worker] INFO  ca.sqlpower.sql.JDBCDataSource  - Driver Class org.postgresql.Driver loaded without exception
4080198 [AWT-EventQueue-0] INFO  ca.sqlpower.sql.JDBCDataSource  - Driver Class org.postgresql.Driver loaded without exception
4117701 [AWT-EventQueue-0] INFO  ca.sqlpower.architect.swingui.DBTree  - Drag gesture event: java.awt.dnd.DragGestureEvent[source=sun.awt.windows.WMouseDragGestureRecognizer@23f8fd2e]
4117701 [AWT-EventQueue-0] INFO  ca.sqlpower.architect.swingui.DBTree  - DBTree: exporting list of DnD-type tree paths
4119851 [AWT-EventQueue-0] INFO  ca.sqlpower.architect.swingui.PlayPen  - Drop: I am over dtde=java.awt.dnd.DropTargetDropEvent[source=java.awt.dnd.DropTarget@5e6647e8]
4119871 [Objects-Adder] INFO  ca.sqlpower.architect.swingui.PlayPen  - AddObjectsTask starting on thread Objects-Adder
4120156 [Objects-Adder] INFO  ca.sqlpower.architect.swingui.PlayPen  - AddObjectsTask done
4120201 [AWT-EventQueue-0] INFO  ca.sqlpower.architect.swingui.PlayPen  - adding table dim_data (TABLE)
4120201 [AWT-EventQueue-0] INFO  ca.sqlpower.sqlobject.SQLColumn  - Column has type int4
4120231 [AWT-EventQueue-0] INFO  ca.sqlpower.sqlobject.SQLColumn  - Column has type date
4120241 [AWT-EventQueue-0] INFO  ca.sqlpower.sqlobject.SQLColumn  - Column has type varchar
4120241 [AWT-EventQueue-0] INFO  ca.sqlpower.sqlobject.SQLColumn  - Column has type int4
4120241 [AWT-EventQueue-0] INFO  ca.sqlpower.sqlobject.SQLColumn  - Column has type varchar
4120241 [AWT-EventQueue-0] INFO  ca.sqlpower.sqlobject.SQLColumn  - Column has type varchar
4120241 [AWT-EventQueue-0] INFO  ca.sqlpower.sqlobject.SQLColumn  - Column has type int4
4120251 [AWT-EventQueue-0] INFO  ca.sqlpower.sqlobject.SQLColumn  - Column has type varchar
4120251 [AWT-EventQueue-0] INFO  ca.sqlpower.sqlobject.SQLColumn  - Column has type varchar
4120251 [AWT-EventQueue-0] INFO  ca.sqlpower.sqlobject.SQLColumn  - Column has type int4
4120251 [AWT-EventQueue-0] INFO  ca.sqlpower.sqlobject.SQLColumn  - Column has type varchar
4120251 [AWT-EventQueue-0] INFO  ca.sqlpower.sqlobject.SQLColumn  - Column has type int4
4120261 [AWT-EventQueue-0] INFO  ca.sqlpower.sqlobject.SQLColumn  - Column has type int4
4120261 [AWT-EventQueue-0] INFO  ca.sqlpower.sqlobject.SQLColumn  - Column has type varchar
4120266 [AWT-EventQueue-0] INFO  ca.sqlpower.sqlobject.SQLColumn  - Column has type bpchar
4120266 [AWT-EventQueue-0] INFO  ca.sqlpower.sqlobject.SQLColumn  - Column has type bpchar
4120266 [AWT-EventQueue-0] INFO  ca.sqlpower.sqlobject.SQLColumn  - Column has type varchar
4120266 [AWT-EventQueue-0] INFO  ca.sqlpower.sqlobject.SQLColumn  - Column has type timestamp
4120271 [AWT-EventQueue-0] INFO  ca.sqlpower.sqlobject.SQLColumn  - Column has type timestamp
0    [AWT-EventQueue-0] INFO  ca.sqlpower.architect.ArchitectUtils  - Log4J configured successfully
501  [AWT-EventQueue-0] INFO  ca.sqlpower.sql.PlDotIni  - Beginning to read/merge new pl.ini data
570  [AWT-EventQueue-0] INFO  ca.sqlpower.sql.PlDotIni  - Finished reading file.
571  [AWT-EventQueue-0] INFO  ca.sqlpower.sql.PlDotIni  - Beginning to read/merge new pl.ini data
614  [AWT-EventQueue-0] INFO  ca.sqlpower.sql.PlDotIni  - Finished reading file.
3491 [Thread-5] ERROR ca.sqlpower.architect.swingui.action.CheckForUpdateAction  - Fail to retrieve current version number!
162857 [AWT-EventQueue-0] INFO  ca.sqlpower.architect.swingui.PlayPen  - Drop: I am over dtde=java.awt.dnd.DropTargetDropEvent[source=java.awt.dnd.DropTarget@7be2fd48]
471301 [AWT-EventQueue-0] INFO  ca.sqlpower.architect.ddl.GenericDDLGenerator  - endStatement: 
CREATE TABLE public.dim_data (
                sk_data INTEGER NOT NULL,
                nk_data DATE NOT NULL,
                desc_data_completa VARCHAR(60) NOT NULL,
                nr_ano INTEGER NOT NULL,
                nm_trimestre VARCHAR(20) NOT NULL,
                nr_ano_trimestre VARCHAR(20) NOT NULL,
                nr_mes INTEGER NOT NULL,
                nm_mes VARCHAR(20) NOT NULL,
                ano_mes VARCHAR(20) NOT NULL,
                nr_semana INTEGER NOT NULL,
                ano_semana VARCHAR(20) NOT NULL,
                nr_dia INTEGER NOT NULL,
                nr_dia_ano INTEGER NOT NULL,
                nm_dia_semana VARCHAR(20) NOT NULL,
                flag_final_semana CHAR(3) NOT NULL,
                flag_feriado CHAR(3) NOT NULL,
                nm_feriado VARCHAR(60) NOT NULL,
                etl_dt_inicio TIMESTAMP NOT NULL,
                etl_dt_fim TIMESTAMP NOT NULL,
                CONSTRAINT sk_data_pk PRIMARY KEY (sk_data)
)
471302 [AWT-EventQueue-0] INFO  ca.sqlpower.architect.ddl.GenericDDLGenerator  - endStatement: 


CREATE SEQUENCE public.avaliacao_sk_avaliacao_seq
471305 [AWT-EventQueue-0] INFO  ca.sqlpower.architect.ddl.GenericDDLGenerator  - endStatement: 

CREATE TABLE public.avaliacao (
                sk_avaliacao INTEGER NOT NULL DEFAULT nextval('public.avaliacao_sk_avaliacao_seq'),
                nk_avaliacao INTEGER NOT NULL,
                nota INTEGER NOT NULL,
                classificacao VARCHAR(10) NOT NULL,
                elt_versao INTEGER NOT NULL,
                etl_dt_inicio DATE NOT NULL,
                elt_dt_fim DATE NOT NULL,
                CONSTRAINT sk_avaliacao PRIMARY KEY (sk_avaliacao)
)
471305 [AWT-EventQueue-0] INFO  ca.sqlpower.architect.ddl.GenericDDLGenerator  - endStatement: 


ALTER SEQUENCE public.avaliacao_sk_avaliacao_seq OWNED BY public.avaliacao.sk_avaliacao
471305 [AWT-EventQueue-0] INFO  ca.sqlpower.architect.ddl.GenericDDLGenerator  - endStatement: 

CREATE SEQUENCE public.produto_sk_produto_seq
471306 [AWT-EventQueue-0] INFO  ca.sqlpower.architect.ddl.GenericDDLGenerator  - endStatement: 

CREATE TABLE public.produto (
                sk_produto INTEGER NOT NULL DEFAULT nextval('public.produto_sk_produto_seq'),
                nk_produto INTEGER NOT NULL,
                modelo VARCHAR(50) NOT NULL,
                valor NUMERIC(10,2) NOT NULL,
                elt_versao INTEGER NOT NULL,
                etl_dt_inicio DATE NOT NULL,
                etl_dt_fim DATE NOT NULL,
                CONSTRAINT sk_produto PRIMARY KEY (sk_produto)
)
471306 [AWT-EventQueue-0] INFO  ca.sqlpower.architect.ddl.GenericDDLGenerator  - endStatement: 


ALTER SEQUENCE public.produto_sk_produto_seq OWNED BY public.produto.sk_produto
471306 [AWT-EventQueue-0] INFO  ca.sqlpower.architect.ddl.GenericDDLGenerator  - endStatement: 

CREATE SEQUENCE public.cliente_sk_cliente_seq
471307 [AWT-EventQueue-0] INFO  ca.sqlpower.architect.ddl.GenericDDLGenerator  - endStatement: 

CREATE TABLE public.cliente (
                sk_cliente INTEGER NOT NULL DEFAULT nextval('public.cliente_sk_cliente_seq'),
                nk_cliente INTEGER NOT NULL,
                nm_cliente VARCHAR(50) NOT NULL,
                sexo VARCHAR(10) NOT NULL,
                dt_nascimeto DATE NOT NULL,
                bairro VARCHAR(50) NOT NULL,
                elt_versao INTEGER NOT NULL,
                elt_dt_inicio DATE NOT NULL,
                etl_dt_fim DATE NOT NULL,
                CONSTRAINT sk_cliente PRIMARY KEY (sk_cliente)
)
471307 [AWT-EventQueue-0] INFO  ca.sqlpower.architect.ddl.GenericDDLGenerator  - endStatement: 


ALTER SEQUENCE public.cliente_sk_cliente_seq OWNED BY public.cliente.sk_cliente
471307 [AWT-EventQueue-0] INFO  ca.sqlpower.architect.ddl.GenericDDLGenerator  - endStatement: 

CREATE TABLE public.pedido (
                sk_produto INTEGER NOT NULL,
                sk_cliente INTEGER NOT NULL,
                sk_avaliacao INTEGER NOT NULL,
                sk_data INTEGER NOT NULL,
                dd_codpedido INTEGER NOT NULL,
                dd_hora_pedido VARCHAR(50) NOT NULL,
                md_qtd INTEGER NOT NULL,
                md_valor_total REAL NOT NULL
)
471308 [AWT-EventQueue-0] INFO  ca.sqlpower.architect.ddl.GenericDDLGenerator  - endStatement: 


ALTER TABLE public.pedido ADD CONSTRAINT dim_data_pedido_fk
FOREIGN KEY (sk_data)
REFERENCES public.dim_data (sk_data)
ON DELETE NO ACTION
ON UPDATE NO ACTION
NOT DEFERRABLE
471308 [AWT-EventQueue-0] INFO  ca.sqlpower.architect.ddl.GenericDDLGenerator  - endStatement: 

ALTER TABLE public.pedido ADD CONSTRAINT avaliacao_pedido_fk
FOREIGN KEY (sk_avaliacao)
REFERENCES public.avaliacao (sk_avaliacao)
ON DELETE NO ACTION
ON UPDATE NO ACTION
NOT DEFERRABLE
471308 [AWT-EventQueue-0] INFO  ca.sqlpower.architect.ddl.GenericDDLGenerator  - endStatement: 

ALTER TABLE public.pedido ADD CONSTRAINT produto_pedido_fk
FOREIGN KEY (sk_produto)
REFERENCES public.produto (sk_produto)
ON DELETE NO ACTION
ON UPDATE NO ACTION
NOT DEFERRABLE
471308 [AWT-EventQueue-0] INFO  ca.sqlpower.architect.ddl.GenericDDLGenerator  - endStatement: 

ALTER TABLE public.pedido ADD CONSTRAINT cliente_pedido_fk
FOREIGN KEY (sk_cliente)
REFERENCES public.cliente (sk_cliente)
ON DELETE NO ACTION
ON UPDATE NO ACTION
NOT DEFERRABLE
471315 [AWT-EventQueue-0] INFO  ca.sqlpower.architect.swingui.SQLScriptDialog  - The list size is :15
501829 [Thread-7] INFO  ca.sqlpower.sql.JDBCDataSource  - Driver Class org.postgresql.Driver loaded without exception
502236 [Thread-7] ERROR ca.sqlpower.architect.ddl.ConflictResolver  - Sequence conflicts not supported.
502238 [Thread-7] ERROR ca.sqlpower.architect.ddl.ConflictResolver  - Sequence conflicts not supported.
502238 [Thread-7] ERROR ca.sqlpower.architect.ddl.ConflictResolver  - Sequence conflicts not supported.
502240 [Thread-7] ERROR ca.sqlpower.architect.ddl.ConflictResolver  - Sequence conflicts not supported.
502240 [Thread-7] ERROR ca.sqlpower.architect.ddl.ConflictResolver  - Sequence conflicts not supported.
502242 [Thread-7] ERROR ca.sqlpower.architect.ddl.ConflictResolver  - Sequence conflicts not supported.
502244 [Thread-7] ERROR ca.sqlpower.architect.ddl.ConflictResolver  - Relationship conflicts are not supported yet!
502244 [Thread-7] ERROR ca.sqlpower.architect.ddl.ConflictResolver  - Relationship conflicts are not supported yet!
502244 [Thread-7] ERROR ca.sqlpower.architect.ddl.ConflictResolver  - Relationship conflicts are not supported yet!
502244 [Thread-7] ERROR ca.sqlpower.architect.ddl.ConflictResolver  - Relationship conflicts are not supported yet!
525838 [Thread-9] INFO  ca.sqlpower.sql.JDBCDataSource  - Driver Class org.postgresql.Driver loaded without exception
525894 [Thread-9] INFO  ca.sqlpower.architect.swingui.SQLScriptDialog  - Starting DDL Generation at Thu Nov 04 16:29:51 BRT 2021
525894 [Thread-9] INFO  ca.sqlpower.architect.swingui.SQLScriptDialog  - Database Target: AP1_dw
525894 [Thread-9] INFO  ca.sqlpower.architect.swingui.SQLScriptDialog  - Playpen Dump: AP1_dw
525895 [Thread-9] INFO  ca.sqlpower.architect.swingui.SQLScriptDialog  - executing: 
CREATE TABLE public.dim_data (
                sk_data INTEGER NOT NULL,
                nk_data DATE NOT NULL,
                desc_data_completa VARCHAR(60) NOT NULL,
                nr_ano INTEGER NOT NULL,
                nm_trimestre VARCHAR(20) NOT NULL,
                nr_ano_trimestre VARCHAR(20) NOT NULL,
                nr_mes INTEGER NOT NULL,
                nm_mes VARCHAR(20) NOT NULL,
                ano_mes VARCHAR(20) NOT NULL,
                nr_semana INTEGER NOT NULL,
                ano_semana VARCHAR(20) NOT NULL,
                nr_dia INTEGER NOT NULL,
                nr_dia_ano INTEGER NOT NULL,
                nm_dia_semana VARCHAR(20) NOT NULL,
                flag_final_semana CHAR(3) NOT NULL,
                flag_feriado CHAR(3) NOT NULL,
                nm_feriado VARCHAR(60) NOT NULL,
                etl_dt_inicio TIMESTAMP NOT NULL,
                etl_dt_fim TIMESTAMP NOT NULL,
                CONSTRAINT sk_data_pk PRIMARY KEY (sk_data)
)
525902 [Thread-9] INFO  ca.sqlpower.architect.swingui.SQLScriptDialog  - sql statement failed: ERROR: relation "dim_data" already exists
528821 [Thread-9] INFO  ca.sqlpower.architect.swingui.SQLScriptDialog  - executing: 


CREATE SEQUENCE public.avaliacao_sk_avaliacao_seq
528830 [Thread-9] INFO  ca.sqlpower.architect.swingui.SQLScriptDialog  - executing: 

CREATE TABLE public.avaliacao (
                sk_avaliacao INTEGER NOT NULL DEFAULT nextval('public.avaliacao_sk_avaliacao_seq'),
                nk_avaliacao INTEGER NOT NULL,
                nota INTEGER NOT NULL,
                classificacao VARCHAR(10) NOT NULL,
                elt_versao INTEGER NOT NULL,
                etl_dt_inicio DATE NOT NULL,
                elt_dt_fim DATE NOT NULL,
                CONSTRAINT sk_avaliacao PRIMARY KEY (sk_avaliacao)
)
528842 [Thread-9] INFO  ca.sqlpower.architect.swingui.SQLScriptDialog  - executing: 


ALTER SEQUENCE public.avaliacao_sk_avaliacao_seq OWNED BY public.avaliacao.sk_avaliacao
528843 [Thread-9] INFO  ca.sqlpower.architect.swingui.SQLScriptDialog  - executing: 

CREATE SEQUENCE public.produto_sk_produto_seq
528846 [Thread-9] INFO  ca.sqlpower.architect.swingui.SQLScriptDialog  - executing: 

CREATE TABLE public.produto (
                sk_produto INTEGER NOT NULL DEFAULT nextval('public.produto_sk_produto_seq'),
                nk_produto INTEGER NOT NULL,
                modelo VARCHAR(50) NOT NULL,
                valor NUMERIC(10,2) NOT NULL,
                elt_versao INTEGER NOT NULL,
                etl_dt_inicio DATE NOT NULL,
                etl_dt_fim DATE NOT NULL,
                CONSTRAINT sk_produto PRIMARY KEY (sk_produto)
)
528850 [Thread-9] INFO  ca.sqlpower.architect.swingui.SQLScriptDialog  - executing: 


ALTER SEQUENCE public.produto_sk_produto_seq OWNED BY public.produto.sk_produto
528850 [Thread-9] INFO  ca.sqlpower.architect.swingui.SQLScriptDialog  - executing: 

CREATE SEQUENCE public.cliente_sk_cliente_seq
528850 [Thread-9] INFO  ca.sqlpower.architect.swingui.SQLScriptDialog  - executing: 

CREATE TABLE public.cliente (
                sk_cliente INTEGER NOT NULL DEFAULT nextval('public.cliente_sk_cliente_seq'),
                nk_cliente INTEGER NOT NULL,
                nm_cliente VARCHAR(50) NOT NULL,
                sexo VARCHAR(10) NOT NULL,
                dt_nascimeto DATE NOT NULL,
                bairro VARCHAR(50) NOT NULL,
                elt_versao INTEGER NOT NULL,
                elt_dt_inicio DATE NOT NULL,
                etl_dt_fim DATE NOT NULL,
                CONSTRAINT sk_cliente PRIMARY KEY (sk_cliente)
)
528859 [Thread-9] INFO  ca.sqlpower.architect.swingui.SQLScriptDialog  - executing: 


ALTER SEQUENCE public.cliente_sk_cliente_seq OWNED BY public.cliente.sk_cliente
528859 [Thread-9] INFO  ca.sqlpower.architect.swingui.SQLScriptDialog  - executing: 

CREATE TABLE public.pedido (
                sk_produto INTEGER NOT NULL,
                sk_cliente INTEGER NOT NULL,
                sk_avaliacao INTEGER NOT NULL,
                sk_data INTEGER NOT NULL,
                dd_codpedido INTEGER NOT NULL,
                dd_hora_pedido VARCHAR(50) NOT NULL,
                md_qtd INTEGER NOT NULL,
                md_valor_total REAL NOT NULL
)
528859 [Thread-9] INFO  ca.sqlpower.architect.swingui.SQLScriptDialog  - executing: 


ALTER TABLE public.pedido ADD CONSTRAINT dim_data_pedido_fk
FOREIGN KEY (sk_data)
REFERENCES public.dim_data (sk_data)
ON DELETE NO ACTION
ON UPDATE NO ACTION
NOT DEFERRABLE
528870 [Thread-9] INFO  ca.sqlpower.architect.swingui.SQLScriptDialog  - executing: 

ALTER TABLE public.pedido ADD CONSTRAINT avaliacao_pedido_fk
FOREIGN KEY (sk_avaliacao)
REFERENCES public.avaliacao (sk_avaliacao)
ON DELETE NO ACTION
ON UPDATE NO ACTION
NOT DEFERRABLE
528870 [Thread-9] INFO  ca.sqlpower.architect.swingui.SQLScriptDialog  - executing: 

ALTER TABLE public.pedido ADD CONSTRAINT produto_pedido_fk
FOREIGN KEY (sk_produto)
REFERENCES public.produto (sk_produto)
ON DELETE NO ACTION
ON UPDATE NO ACTION
NOT DEFERRABLE
528870 [Thread-9] INFO  ca.sqlpower.architect.swingui.SQLScriptDialog  - executing: 

ALTER TABLE public.pedido ADD CONSTRAINT cliente_pedido_fk
FOREIGN KEY (sk_cliente)
REFERENCES public.cliente (sk_cliente)
ON DELETE NO ACTION
ON UPDATE NO ACTION
NOT DEFERRABLE
528870 [Thread-9] INFO  ca.sqlpower.architect.swingui.SQLScriptDialog  - Successfully executed 14 out of 15 statements.
639592 [Refresh database worker] INFO  ca.sqlpower.sql.JDBCDataSource  - Driver Class org.postgresql.Driver loaded without exception
639656 [Refresh database worker] INFO  ca.sqlpower.sql.JDBCDataSource  - Driver Class org.postgresql.Driver loaded without exception
0    [AWT-EventQueue-0] INFO  ca.sqlpower.architect.ArchitectUtils  - Log4J configured successfully
477  [AWT-EventQueue-0] INFO  ca.sqlpower.sql.PlDotIni  - Beginning to read/merge new pl.ini data
539  [AWT-EventQueue-0] INFO  ca.sqlpower.sql.PlDotIni  - Finished reading file.
539  [AWT-EventQueue-0] INFO  ca.sqlpower.sql.PlDotIni  - Beginning to read/merge new pl.ini data
586  [AWT-EventQueue-0] INFO  ca.sqlpower.sql.PlDotIni  - Finished reading file.
3174 [Thread-5] ERROR ca.sqlpower.architect.swingui.action.CheckForUpdateAction  - Fail to retrieve current version number!
17499 [AWT-EventQueue-0] INFO  ca.sqlpower.architect.ddl.GenericDDLGenerator  - endStatement: 
CREATE TABLE public.dim_data (
                sk_data INTEGER NOT NULL,
                nk_data DATE NOT NULL,
                desc_data_completa VARCHAR(60) NOT NULL,
                nr_ano INTEGER NOT NULL,
                nm_trimestre VARCHAR(20) NOT NULL,
                nr_ano_trimestre VARCHAR(20) NOT NULL,
                nr_mes INTEGER NOT NULL,
                nm_mes VARCHAR(20) NOT NULL,
                ano_mes VARCHAR(20) NOT NULL,
                nr_semana INTEGER NOT NULL,
                ano_semana VARCHAR(20) NOT NULL,
                nr_dia INTEGER NOT NULL,
                nr_dia_ano INTEGER NOT NULL,
                nm_dia_semana VARCHAR(20) NOT NULL,
                flag_final_semana CHAR(3) NOT NULL,
                flag_feriado CHAR(3) NOT NULL,
                nm_feriado VARCHAR(60) NOT NULL,
                etl_dt_inicio TIMESTAMP NOT NULL,
                etl_dt_fim TIMESTAMP NOT NULL,
                CONSTRAINT sk_data_pk PRIMARY KEY (sk_data)
)
17499 [AWT-EventQueue-0] INFO  ca.sqlpower.architect.ddl.GenericDDLGenerator  - endStatement: 


CREATE SEQUENCE public.avaliacao_sk_avaliacao_seq
17503 [AWT-EventQueue-0] INFO  ca.sqlpower.architect.ddl.GenericDDLGenerator  - endStatement: 

CREATE TABLE public.avaliacao (
                sk_avaliacao INTEGER NOT NULL DEFAULT nextval('public.avaliacao_sk_avaliacao_seq'),
                nk_avaliacao INTEGER NOT NULL,
                nota INTEGER NOT NULL,
                classificacao VARCHAR(10) NOT NULL,
                elt_versao INTEGER NOT NULL,
                etl_dt_inicio DATE NOT NULL,
                elt_dt_fim DATE NOT NULL,
                CONSTRAINT sk_avaliacao PRIMARY KEY (sk_avaliacao)
)
17504 [AWT-EventQueue-0] INFO  ca.sqlpower.architect.ddl.GenericDDLGenerator  - endStatement: 


ALTER SEQUENCE public.avaliacao_sk_avaliacao_seq OWNED BY public.avaliacao.sk_avaliacao
17504 [AWT-EventQueue-0] INFO  ca.sqlpower.architect.ddl.GenericDDLGenerator  - endStatement: 

CREATE SEQUENCE public.produto_sk_produto_seq
17504 [AWT-EventQueue-0] INFO  ca.sqlpower.architect.ddl.GenericDDLGenerator  - endStatement: 

CREATE TABLE public.produto (
                sk_produto INTEGER NOT NULL DEFAULT nextval('public.produto_sk_produto_seq'),
                nk_produto INTEGER NOT NULL,
                modelo VARCHAR(50) NOT NULL,
                valor NUMERIC(10,2) NOT NULL,
                elt_versao INTEGER NOT NULL,
                etl_dt_inicio DATE NOT NULL,
                etl_dt_fim DATE NOT NULL,
                CONSTRAINT sk_produto PRIMARY KEY (sk_produto)
)
17505 [AWT-EventQueue-0] INFO  ca.sqlpower.architect.ddl.GenericDDLGenerator  - endStatement: 


ALTER SEQUENCE public.produto_sk_produto_seq OWNED BY public.produto.sk_produto
17505 [AWT-EventQueue-0] INFO  ca.sqlpower.architect.ddl.GenericDDLGenerator  - endStatement: 

CREATE SEQUENCE public.cliente_sk_cliente_seq
17505 [AWT-EventQueue-0] INFO  ca.sqlpower.architect.ddl.GenericDDLGenerator  - endStatement: 

CREATE TABLE public.cliente (
                sk_cliente INTEGER NOT NULL DEFAULT nextval('public.cliente_sk_cliente_seq'),
                nk_cliente INTEGER NOT NULL,
                nm_cliente VARCHAR(50) NOT NULL,
                sexo VARCHAR(10) NOT NULL,
                dt_nascimeto DATE NOT NULL,
                bairro VARCHAR(50) NOT NULL,
                elt_versao INTEGER NOT NULL,
                elt_dt_inicio DATE NOT NULL,
                etl_dt_fim DATE NOT NULL,
                CONSTRAINT sk_cliente PRIMARY KEY (sk_cliente)
)
17505 [AWT-EventQueue-0] INFO  ca.sqlpower.architect.ddl.GenericDDLGenerator  - endStatement: 


ALTER SEQUENCE public.cliente_sk_cliente_seq OWNED BY public.cliente.sk_cliente
17506 [AWT-EventQueue-0] INFO  ca.sqlpower.architect.ddl.GenericDDLGenerator  - endStatement: 

CREATE TABLE public.pedido (
                sk_produto INTEGER NOT NULL,
                sk_cliente INTEGER NOT NULL,
                sk_avaliacao INTEGER NOT NULL,
                sk_data INTEGER NOT NULL,
                dd_codpedido INTEGER NOT NULL,
                dd_hora_pedido VARCHAR(50) NOT NULL,
                md_qtd INTEGER NOT NULL,
                md_valor_total REAL NOT NULL
)
17506 [AWT-EventQueue-0] INFO  ca.sqlpower.architect.ddl.GenericDDLGenerator  - endStatement: 


ALTER TABLE public.pedido ADD CONSTRAINT dim_data_pedido_fk
FOREIGN KEY (sk_data)
REFERENCES public.dim_data (sk_data)
ON DELETE NO ACTION
ON UPDATE NO ACTION
NOT DEFERRABLE
17506 [AWT-EventQueue-0] INFO  ca.sqlpower.architect.ddl.GenericDDLGenerator  - endStatement: 

ALTER TABLE public.pedido ADD CONSTRAINT avaliacao_pedido_fk
FOREIGN KEY (sk_avaliacao)
REFERENCES public.avaliacao (sk_avaliacao)
ON DELETE NO ACTION
ON UPDATE NO ACTION
NOT DEFERRABLE
17506 [AWT-EventQueue-0] INFO  ca.sqlpower.architect.ddl.GenericDDLGenerator  - endStatement: 

ALTER TABLE public.pedido ADD CONSTRAINT produto_pedido_fk
FOREIGN KEY (sk_produto)
REFERENCES public.produto (sk_produto)
ON DELETE NO ACTION
ON UPDATE NO ACTION
NOT DEFERRABLE
17507 [AWT-EventQueue-0] INFO  ca.sqlpower.architect.ddl.GenericDDLGenerator  - endStatement: 

ALTER TABLE public.pedido ADD CONSTRAINT cliente_pedido_fk
FOREIGN KEY (sk_cliente)
REFERENCES public.cliente (sk_cliente)
ON DELETE NO ACTION
ON UPDATE NO ACTION
NOT DEFERRABLE
17510 [AWT-EventQueue-0] INFO  ca.sqlpower.architect.swingui.SQLScriptDialog  - The list size is :15
0    [AWT-EventQueue-0] INFO  ca.sqlpower.architect.ArchitectUtils  - Log4J configured successfully
501  [AWT-EventQueue-0] INFO  ca.sqlpower.sql.PlDotIni  - Beginning to read/merge new pl.ini data
564  [AWT-EventQueue-0] INFO  ca.sqlpower.sql.PlDotIni  - Finished reading file.
564  [AWT-EventQueue-0] INFO  ca.sqlpower.sql.PlDotIni  - Beginning to read/merge new pl.ini data
617  [AWT-EventQueue-0] INFO  ca.sqlpower.sql.PlDotIni  - Finished reading file.
3359 [Thread-5] ERROR ca.sqlpower.architect.swingui.action.CheckForUpdateAction  - Fail to retrieve current version number!
0    [AWT-EventQueue-0] INFO  ca.sqlpower.architect.ArchitectUtils  - Log4J configured successfully
612  [AWT-EventQueue-0] INFO  ca.sqlpower.sql.PlDotIni  - Beginning to read/merge new pl.ini data
686  [AWT-EventQueue-0] INFO  ca.sqlpower.sql.PlDotIni  - Finished reading file.
687  [AWT-EventQueue-0] INFO  ca.sqlpower.sql.PlDotIni  - Beginning to read/merge new pl.ini data
747  [AWT-EventQueue-0] INFO  ca.sqlpower.sql.PlDotIni  - Finished reading file.
3745 [Thread-5] ERROR ca.sqlpower.architect.swingui.action.CheckForUpdateAction  - Fail to retrieve current version number!
0    [AWT-EventQueue-0] INFO  ca.sqlpower.architect.ArchitectUtils  - Log4J configured successfully
700  [AWT-EventQueue-0] INFO  ca.sqlpower.sql.PlDotIni  - Beginning to read/merge new pl.ini data
798  [AWT-EventQueue-0] INFO  ca.sqlpower.sql.PlDotIni  - Finished reading file.
799  [AWT-EventQueue-0] INFO  ca.sqlpower.sql.PlDotIni  - Beginning to read/merge new pl.ini data
853  [AWT-EventQueue-0] INFO  ca.sqlpower.sql.PlDotIni  - Finished reading file.
3497 [Thread-5] ERROR ca.sqlpower.architect.swingui.action.CheckForUpdateAction  - Fail to retrieve current version number!
235189 [AWT-EventQueue-0] INFO  ca.sqlpower.architect.ddl.GenericDDLGenerator  - endStatement: 
CREATE TABLE public.dim_data (
                sk_data INTEGER NOT NULL,
                nk_data DATE NOT NULL,
                desc_data_completa VARCHAR(60) NOT NULL,
                nr_ano INTEGER NOT NULL,
                nm_trimestre VARCHAR(20) NOT NULL,
                nr_ano_trimestre VARCHAR(20) NOT NULL,
                nr_mes INTEGER NOT NULL,
                nm_mes VARCHAR(20) NOT NULL,
                ano_mes VARCHAR(20) NOT NULL,
                nr_semana INTEGER NOT NULL,
                ano_semana VARCHAR(20) NOT NULL,
                nr_dia INTEGER NOT NULL,
                nr_dia_ano INTEGER NOT NULL,
                nm_dia_semana VARCHAR(20) NOT NULL,
                flag_final_semana CHAR(3) NOT NULL,
                flag_feriado CHAR(3) NOT NULL,
                nm_feriado VARCHAR(60) NOT NULL,
                etl_dt_inicio TIMESTAMP NOT NULL,
                etl_dt_fim TIMESTAMP NOT NULL,
                CONSTRAINT sk_data_pk PRIMARY KEY (sk_data)
)
235190 [AWT-EventQueue-0] INFO  ca.sqlpower.architect.ddl.GenericDDLGenerator  - endStatement: 


CREATE SEQUENCE public.avaliacao_sk_avaliacao_seq
235557 [AWT-EventQueue-0] INFO  ca.sqlpower.architect.ddl.GenericDDLGenerator  - endStatement: 

CREATE TABLE public.avaliacao (
                sk_avaliacao INTEGER NOT NULL DEFAULT nextval('public.avaliacao_sk_avaliacao_seq'),
                nk_avaliacao INTEGER NOT NULL,
                nota INTEGER NOT NULL,
                classificacao VARCHAR(10) NOT NULL,
                elt_versao INTEGER NOT NULL,
                etl_dt_inicio DATE NOT NULL,
                elt_dt_fim DATE NOT NULL,
                CONSTRAINT sk_avaliacao PRIMARY KEY (sk_avaliacao)
)
235557 [AWT-EventQueue-0] INFO  ca.sqlpower.architect.ddl.GenericDDLGenerator  - endStatement: 


ALTER SEQUENCE public.avaliacao_sk_avaliacao_seq OWNED BY public.avaliacao.sk_avaliacao
235558 [AWT-EventQueue-0] INFO  ca.sqlpower.architect.ddl.GenericDDLGenerator  - endStatement: 

CREATE SEQUENCE public.produto_sk_produto_seq
235558 [AWT-EventQueue-0] INFO  ca.sqlpower.architect.ddl.GenericDDLGenerator  - endStatement: 

CREATE TABLE public.produto (
                sk_produto INTEGER NOT NULL DEFAULT nextval('public.produto_sk_produto_seq'),
                nk_produto INTEGER NOT NULL,
                modelo VARCHAR(50) NOT NULL,
                valor NUMERIC(10,2) NOT NULL,
                elt_versao INTEGER NOT NULL,
                etl_dt_inicio DATE NOT NULL,
                etl_dt_fim DATE NOT NULL,
                CONSTRAINT sk_produto PRIMARY KEY (sk_produto)
)
235559 [AWT-EventQueue-0] INFO  ca.sqlpower.architect.ddl.GenericDDLGenerator  - endStatement: 


ALTER SEQUENCE public.produto_sk_produto_seq OWNED BY public.produto.sk_produto
235559 [AWT-EventQueue-0] INFO  ca.sqlpower.architect.ddl.GenericDDLGenerator  - endStatement: 

CREATE SEQUENCE public.cliente_sk_cliente_seq
235560 [AWT-EventQueue-0] INFO  ca.sqlpower.architect.ddl.GenericDDLGenerator  - endStatement: 

CREATE TABLE public.cliente (
                sk_cliente INTEGER NOT NULL DEFAULT nextval('public.cliente_sk_cliente_seq'),
                nk_cliente INTEGER NOT NULL,
                nm_cliente VARCHAR(50) NOT NULL,
                sexo VARCHAR(10) NOT NULL,
                dt_nascimeto DATE NOT NULL,
                bairro VARCHAR(50) NOT NULL,
                elt_versao INTEGER NOT NULL,
                elt_dt_inicio DATE NOT NULL,
                etl_dt_fim DATE NOT NULL,
                CONSTRAINT sk_cliente PRIMARY KEY (sk_cliente)
)
235560 [AWT-EventQueue-0] INFO  ca.sqlpower.architect.ddl.GenericDDLGenerator  - endStatement: 


ALTER SEQUENCE public.cliente_sk_cliente_seq OWNED BY public.cliente.sk_cliente
235560 [AWT-EventQueue-0] INFO  ca.sqlpower.architect.ddl.GenericDDLGenerator  - endStatement: 

CREATE TABLE public.pedido (
                sk_produto INTEGER NOT NULL,
                sk_cliente INTEGER NOT NULL,
                sk_avaliacao INTEGER NOT NULL,
                sk_data INTEGER NOT NULL,
                dd_codpedido INTEGER NOT NULL,
                dd_hora_pedido VARCHAR(50) NOT NULL,
                md_qtd INTEGER NOT NULL,
                md_valor_total REAL NOT NULL
)
235561 [AWT-EventQueue-0] INFO  ca.sqlpower.architect.ddl.GenericDDLGenerator  - endStatement: 


ALTER TABLE public.pedido ADD CONSTRAINT dim_data_pedido_fk
FOREIGN KEY (sk_data)
REFERENCES public.dim_data (sk_data)
ON DELETE NO ACTION
ON UPDATE NO ACTION
NOT DEFERRABLE
235561 [AWT-EventQueue-0] INFO  ca.sqlpower.architect.ddl.GenericDDLGenerator  - endStatement: 

ALTER TABLE public.pedido ADD CONSTRAINT avaliacao_pedido_fk
FOREIGN KEY (sk_avaliacao)
REFERENCES public.avaliacao (sk_avaliacao)
ON DELETE NO ACTION
ON UPDATE NO ACTION
NOT DEFERRABLE
235561 [AWT-EventQueue-0] INFO  ca.sqlpower.architect.ddl.GenericDDLGenerator  - endStatement: 

ALTER TABLE public.pedido ADD CONSTRAINT produto_pedido_fk
FOREIGN KEY (sk_produto)
REFERENCES public.produto (sk_produto)
ON DELETE NO ACTION
ON UPDATE NO ACTION
NOT DEFERRABLE
235562 [AWT-EventQueue-0] INFO  ca.sqlpower.architect.ddl.GenericDDLGenerator  - endStatement: 

ALTER TABLE public.pedido ADD CONSTRAINT cliente_pedido_fk
FOREIGN KEY (sk_cliente)
REFERENCES public.cliente (sk_cliente)
ON DELETE NO ACTION
ON UPDATE NO ACTION
NOT DEFERRABLE
235568 [AWT-EventQueue-0] INFO  ca.sqlpower.architect.swingui.SQLScriptDialog  - The list size is :15
300381 [Thread-7] INFO  ca.sqlpower.sql.JDBCDataSource  - Driver Class org.postgresql.Driver loaded without exception
300578 [Thread-7] ERROR ca.sqlpower.architect.ddl.ConflictResolver  - Sequence conflicts not supported.
300581 [Thread-7] ERROR ca.sqlpower.architect.ddl.ConflictResolver  - Sequence conflicts not supported.
300581 [Thread-7] ERROR ca.sqlpower.architect.ddl.ConflictResolver  - Sequence conflicts not supported.
300584 [Thread-7] ERROR ca.sqlpower.architect.ddl.ConflictResolver  - Sequence conflicts not supported.
300584 [Thread-7] ERROR ca.sqlpower.architect.ddl.ConflictResolver  - Sequence conflicts not supported.
300586 [Thread-7] ERROR ca.sqlpower.architect.ddl.ConflictResolver  - Sequence conflicts not supported.
300587 [Thread-7] ERROR ca.sqlpower.architect.ddl.ConflictResolver  - Relationship conflicts are not supported yet!
300588 [Thread-7] ERROR ca.sqlpower.architect.ddl.ConflictResolver  - Relationship conflicts are not supported yet!
300588 [Thread-7] ERROR ca.sqlpower.architect.ddl.ConflictResolver  - Relationship conflicts are not supported yet!
300588 [Thread-7] ERROR ca.sqlpower.architect.ddl.ConflictResolver  - Relationship conflicts are not supported yet!
300589 [Thread-9] INFO  ca.sqlpower.sql.JDBCDataSource  - Driver Class org.postgresql.Driver loaded without exception
300645 [Thread-9] INFO  ca.sqlpower.architect.swingui.SQLScriptDialog  - Starting DDL Generation at Thu Nov 18 15:27:06 BRT 2021
300646 [Thread-9] INFO  ca.sqlpower.architect.swingui.SQLScriptDialog  - Database Target: AP1_dw
300646 [Thread-9] INFO  ca.sqlpower.architect.swingui.SQLScriptDialog  - Playpen Dump: AP1_dw
300647 [Thread-9] INFO  ca.sqlpower.architect.swingui.SQLScriptDialog  - executing: 
CREATE TABLE public.dim_data (
                sk_data INTEGER NOT NULL,
                nk_data DATE NOT NULL,
                desc_data_completa VARCHAR(60) NOT NULL,
                nr_ano INTEGER NOT NULL,
                nm_trimestre VARCHAR(20) NOT NULL,
                nr_ano_trimestre VARCHAR(20) NOT NULL,
                nr_mes INTEGER NOT NULL,
                nm_mes VARCHAR(20) NOT NULL,
                ano_mes VARCHAR(20) NOT NULL,
                nr_semana INTEGER NOT NULL,
                ano_semana VARCHAR(20) NOT NULL,
                nr_dia INTEGER NOT NULL,
                nr_dia_ano INTEGER NOT NULL,
                nm_dia_semana VARCHAR(20) NOT NULL,
                flag_final_semana CHAR(3) NOT NULL,
                flag_feriado CHAR(3) NOT NULL,
                nm_feriado VARCHAR(60) NOT NULL,
                etl_dt_inicio TIMESTAMP NOT NULL,
                etl_dt_fim TIMESTAMP NOT NULL,
                CONSTRAINT sk_data_pk PRIMARY KEY (sk_data)
)
300677 [Thread-9] INFO  ca.sqlpower.architect.swingui.SQLScriptDialog  - executing: 


CREATE SEQUENCE public.avaliacao_sk_avaliacao_seq
300680 [Thread-9] INFO  ca.sqlpower.architect.swingui.SQLScriptDialog  - executing: 

CREATE TABLE public.avaliacao (
                sk_avaliacao INTEGER NOT NULL DEFAULT nextval('public.avaliacao_sk_avaliacao_seq'),
                nk_avaliacao INTEGER NOT NULL,
                nota INTEGER NOT NULL,
                classificacao VARCHAR(10) NOT NULL,
                elt_versao INTEGER NOT NULL,
                etl_dt_inicio DATE NOT NULL,
                elt_dt_fim DATE NOT NULL,
                CONSTRAINT sk_avaliacao PRIMARY KEY (sk_avaliacao)
)
300687 [Thread-9] INFO  ca.sqlpower.architect.swingui.SQLScriptDialog  - executing: 


ALTER SEQUENCE public.avaliacao_sk_avaliacao_seq OWNED BY public.avaliacao.sk_avaliacao
300688 [Thread-9] INFO  ca.sqlpower.architect.swingui.SQLScriptDialog  - executing: 

CREATE SEQUENCE public.produto_sk_produto_seq
300690 [Thread-9] INFO  ca.sqlpower.architect.swingui.SQLScriptDialog  - executing: 

CREATE TABLE public.produto (
                sk_produto INTEGER NOT NULL DEFAULT nextval('public.produto_sk_produto_seq'),
                nk_produto INTEGER NOT NULL,
                modelo VARCHAR(50) NOT NULL,
                valor NUMERIC(10,2) NOT NULL,
                elt_versao INTEGER NOT NULL,
                etl_dt_inicio DATE NOT NULL,
                etl_dt_fim DATE NOT NULL,
                CONSTRAINT sk_produto PRIMARY KEY (sk_produto)
)
300696 [Thread-9] INFO  ca.sqlpower.architect.swingui.SQLScriptDialog  - executing: 


ALTER SEQUENCE public.produto_sk_produto_seq OWNED BY public.produto.sk_produto
300697 [Thread-9] INFO  ca.sqlpower.architect.swingui.SQLScriptDialog  - executing: 

CREATE SEQUENCE public.cliente_sk_cliente_seq
300700 [Thread-9] INFO  ca.sqlpower.architect.swingui.SQLScriptDialog  - executing: 

CREATE TABLE public.cliente (
                sk_cliente INTEGER NOT NULL DEFAULT nextval('public.cliente_sk_cliente_seq'),
                nk_cliente INTEGER NOT NULL,
                nm_cliente VARCHAR(50) NOT NULL,
                sexo VARCHAR(10) NOT NULL,
                dt_nascimeto DATE NOT NULL,
                bairro VARCHAR(50) NOT NULL,
                elt_versao INTEGER NOT NULL,
                elt_dt_inicio DATE NOT NULL,
                etl_dt_fim DATE NOT NULL,
                CONSTRAINT sk_cliente PRIMARY KEY (sk_cliente)
)
300707 [Thread-9] INFO  ca.sqlpower.architect.swingui.SQLScriptDialog  - executing: 


ALTER SEQUENCE public.cliente_sk_cliente_seq OWNED BY public.cliente.sk_cliente
300708 [Thread-9] INFO  ca.sqlpower.architect.swingui.SQLScriptDialog  - executing: 

CREATE TABLE public.pedido (
                sk_produto INTEGER NOT NULL,
                sk_cliente INTEGER NOT NULL,
                sk_avaliacao INTEGER NOT NULL,
                sk_data INTEGER NOT NULL,
                dd_codpedido INTEGER NOT NULL,
                dd_hora_pedido VARCHAR(50) NOT NULL,
                md_qtd INTEGER NOT NULL,
                md_valor_total REAL NOT NULL
)
300709 [Thread-9] INFO  ca.sqlpower.architect.swingui.SQLScriptDialog  - executing: 


ALTER TABLE public.pedido ADD CONSTRAINT dim_data_pedido_fk
FOREIGN KEY (sk_data)
REFERENCES public.dim_data (sk_data)
ON DELETE NO ACTION
ON UPDATE NO ACTION
NOT DEFERRABLE
300715 [Thread-9] INFO  ca.sqlpower.architect.swingui.SQLScriptDialog  - executing: 

ALTER TABLE public.pedido ADD CONSTRAINT avaliacao_pedido_fk
FOREIGN KEY (sk_avaliacao)
REFERENCES public.avaliacao (sk_avaliacao)
ON DELETE NO ACTION
ON UPDATE NO ACTION
NOT DEFERRABLE
300718 [Thread-9] INFO  ca.sqlpower.architect.swingui.SQLScriptDialog  - executing: 

ALTER TABLE public.pedido ADD CONSTRAINT produto_pedido_fk
FOREIGN KEY (sk_produto)
REFERENCES public.produto (sk_produto)
ON DELETE NO ACTION
ON UPDATE NO ACTION
NOT DEFERRABLE
300720 [Thread-9] INFO  ca.sqlpower.architect.swingui.SQLScriptDialog  - executing: 

ALTER TABLE public.pedido ADD CONSTRAINT cliente_pedido_fk
FOREIGN KEY (sk_cliente)
REFERENCES public.cliente (sk_cliente)
ON DELETE NO ACTION
ON UPDATE NO ACTION
NOT DEFERRABLE
300722 [Thread-9] INFO  ca.sqlpower.architect.swingui.SQLScriptDialog  - Successfully executed 15 out of 15 statements.
0    [AWT-EventQueue-0] INFO  ca.sqlpower.architect.ArchitectUtils  - Log4J configured successfully
689  [AWT-EventQueue-0] INFO  ca.sqlpower.sql.PlDotIni  - Beginning to read/merge new pl.ini data
789  [AWT-EventQueue-0] INFO  ca.sqlpower.sql.PlDotIni  - Finished reading file.
790  [AWT-EventQueue-0] INFO  ca.sqlpower.sql.PlDotIni  - Beginning to read/merge new pl.ini data
856  [AWT-EventQueue-0] INFO  ca.sqlpower.sql.PlDotIni  - Finished reading file.
3731 [Thread-5] ERROR ca.sqlpower.architect.swingui.action.CheckForUpdateAction  - Fail to retrieve current version number!
24223 [AWT-EventQueue-0] INFO  ca.sqlpower.architect.ddl.GenericDDLGenerator  - endStatement: 
CREATE TABLE public.dim_data (
                sk_data INTEGER NOT NULL,
                nk_data DATE NOT NULL,
                desc_data_completa VARCHAR(60) NOT NULL,
                nr_ano INTEGER NOT NULL,
                nm_trimestre VARCHAR(20) NOT NULL,
                nr_ano_trimestre VARCHAR(20) NOT NULL,
                nr_mes INTEGER NOT NULL,
                nm_mes VARCHAR(20) NOT NULL,
                ano_mes VARCHAR(20) NOT NULL,
                nr_semana INTEGER NOT NULL,
                ano_semana VARCHAR(20) NOT NULL,
                nr_dia INTEGER NOT NULL,
                nr_dia_ano INTEGER NOT NULL,
                nm_dia_semana VARCHAR(20) NOT NULL,
                flag_final_semana CHAR(3) NOT NULL,
                flag_feriado CHAR(3) NOT NULL,
                nm_feriado VARCHAR(60) NOT NULL,
                etl_dt_inicio TIMESTAMP NOT NULL,
                etl_dt_fim TIMESTAMP NOT NULL,
                CONSTRAINT sk_data_pk PRIMARY KEY (sk_data)
)
24223 [AWT-EventQueue-0] INFO  ca.sqlpower.architect.ddl.GenericDDLGenerator  - endStatement: 


CREATE SEQUENCE public.avaliacao_sk_avaliacao_seq
24226 [AWT-EventQueue-0] INFO  ca.sqlpower.architect.ddl.GenericDDLGenerator  - endStatement: 

CREATE TABLE public.avaliacao (
                sk_avaliacao INTEGER NOT NULL DEFAULT nextval('public.avaliacao_sk_avaliacao_seq'),
                nk_avaliacao INTEGER NOT NULL,
                nota INTEGER NOT NULL,
                classificacao VARCHAR(10) NOT NULL,
                elt_versao INTEGER NOT NULL,
                etl_dt_inicio DATE NOT NULL,
                elt_dt_fim DATE NOT NULL,
                CONSTRAINT sk_avaliacao PRIMARY KEY (sk_avaliacao)
)
24226 [AWT-EventQueue-0] INFO  ca.sqlpower.architect.ddl.GenericDDLGenerator  - endStatement: 


ALTER SEQUENCE public.avaliacao_sk_avaliacao_seq OWNED BY public.avaliacao.sk_avaliacao
24227 [AWT-EventQueue-0] INFO  ca.sqlpower.architect.ddl.GenericDDLGenerator  - endStatement: 

CREATE SEQUENCE public.produto_sk_produto_seq
24227 [AWT-EventQueue-0] INFO  ca.sqlpower.architect.ddl.GenericDDLGenerator  - endStatement: 

CREATE TABLE public.produto (
                sk_produto INTEGER NOT NULL DEFAULT nextval('public.produto_sk_produto_seq'),
                nk_produto INTEGER NOT NULL,
                modelo VARCHAR(50) NOT NULL,
                valor NUMERIC(10,2) NOT NULL,
                elt_versao INTEGER NOT NULL,
                etl_dt_inicio DATE NOT NULL,
                etl_dt_fim DATE NOT NULL,
                CONSTRAINT sk_produto PRIMARY KEY (sk_produto)
)
24227 [AWT-EventQueue-0] INFO  ca.sqlpower.architect.ddl.GenericDDLGenerator  - endStatement: 


ALTER SEQUENCE public.produto_sk_produto_seq OWNED BY public.produto.sk_produto
24228 [AWT-EventQueue-0] INFO  ca.sqlpower.architect.ddl.GenericDDLGenerator  - endStatement: 

CREATE SEQUENCE public.cliente_sk_cliente_seq
24229 [AWT-EventQueue-0] INFO  ca.sqlpower.architect.ddl.GenericDDLGenerator  - endStatement: 

CREATE TABLE public.cliente (
                sk_cliente INTEGER NOT NULL DEFAULT nextval('public.cliente_sk_cliente_seq'),
                nk_cliente INTEGER NOT NULL,
                nm_cliente VARCHAR(50) NOT NULL,
                sexo VARCHAR(10) NOT NULL,
                dt_nascimeto DATE NOT NULL,
                bairro VARCHAR(50) NOT NULL,
                elt_versao INTEGER NOT NULL,
                elt_dt_inicio DATE NOT NULL,
                etl_dt_fim DATE NOT NULL,
                CONSTRAINT sk_cliente PRIMARY KEY (sk_cliente)
)
24229 [AWT-EventQueue-0] INFO  ca.sqlpower.architect.ddl.GenericDDLGenerator  - endStatement: 


ALTER SEQUENCE public.cliente_sk_cliente_seq OWNED BY public.cliente.sk_cliente
24230 [AWT-EventQueue-0] INFO  ca.sqlpower.architect.ddl.GenericDDLGenerator  - endStatement: 

CREATE TABLE public.pedido (
                sk_produto INTEGER NOT NULL,
                sk_cliente INTEGER NOT NULL,
                sk_avaliacao INTEGER NOT NULL,
                sk_data INTEGER NOT NULL,
                dd_codpedido INTEGER NOT NULL,
                dd_hora_pedido VARCHAR(50) NOT NULL,
                md_qtd INTEGER NOT NULL,
                md_valor_total REAL NOT NULL
)
24230 [AWT-EventQueue-0] INFO  ca.sqlpower.architect.ddl.GenericDDLGenerator  - endStatement: 


ALTER TABLE public.pedido ADD CONSTRAINT dim_data_pedido_fk
FOREIGN KEY (sk_data)
REFERENCES public.dim_data (sk_data)
ON DELETE NO ACTION
ON UPDATE NO ACTION
NOT DEFERRABLE
24231 [AWT-EventQueue-0] INFO  ca.sqlpower.architect.ddl.GenericDDLGenerator  - endStatement: 

ALTER TABLE public.pedido ADD CONSTRAINT avaliacao_pedido_fk
FOREIGN KEY (sk_avaliacao)
REFERENCES public.avaliacao (sk_avaliacao)
ON DELETE NO ACTION
ON UPDATE NO ACTION
NOT DEFERRABLE
24231 [AWT-EventQueue-0] INFO  ca.sqlpower.architect.ddl.GenericDDLGenerator  - endStatement: 

ALTER TABLE public.pedido ADD CONSTRAINT produto_pedido_fk
FOREIGN KEY (sk_produto)
REFERENCES public.produto (sk_produto)
ON DELETE NO ACTION
ON UPDATE NO ACTION
NOT DEFERRABLE
24232 [AWT-EventQueue-0] INFO  ca.sqlpower.architect.ddl.GenericDDLGenerator  - endStatement: 

ALTER TABLE public.pedido ADD CONSTRAINT cliente_pedido_fk
FOREIGN KEY (sk_cliente)
REFERENCES public.cliente (sk_cliente)
ON DELETE NO ACTION
ON UPDATE NO ACTION
NOT DEFERRABLE
24233 [AWT-EventQueue-0] INFO  ca.sqlpower.architect.swingui.SQLScriptDialog  - The list size is :15
25589 [Thread-7] INFO  ca.sqlpower.sql.JDBCDataSource  - Driver Class org.postgresql.Driver loaded without exception
26024 [Thread-7] ERROR ca.sqlpower.architect.ddl.ConflictResolver  - Sequence conflicts not supported.
26024 [Thread-7] ERROR ca.sqlpower.architect.ddl.ConflictResolver  - Sequence conflicts not supported.
26024 [Thread-7] ERROR ca.sqlpower.architect.ddl.ConflictResolver  - Sequence conflicts not supported.
26024 [Thread-7] ERROR ca.sqlpower.architect.ddl.ConflictResolver  - Sequence conflicts not supported.
26024 [Thread-7] ERROR ca.sqlpower.architect.ddl.ConflictResolver  - Sequence conflicts not supported.
26024 [Thread-7] ERROR ca.sqlpower.architect.ddl.ConflictResolver  - Sequence conflicts not supported.
26024 [Thread-7] ERROR ca.sqlpower.architect.ddl.ConflictResolver  - Relationship conflicts are not supported yet!
26024 [Thread-7] ERROR ca.sqlpower.architect.ddl.ConflictResolver  - Relationship conflicts are not supported yet!
26024 [Thread-7] ERROR ca.sqlpower.architect.ddl.ConflictResolver  - Relationship conflicts are not supported yet!
26024 [Thread-7] ERROR ca.sqlpower.architect.ddl.ConflictResolver  - Relationship conflicts are not supported yet!
28601 [Thread-9] INFO  ca.sqlpower.sql.JDBCDataSource  - Driver Class org.postgresql.Driver loaded without exception
28653 [Thread-9] INFO  ca.sqlpower.architect.swingui.SQLScriptDialog  - Starting DDL Generation at Thu Nov 18 15:37:01 BRT 2021
28654 [Thread-9] INFO  ca.sqlpower.architect.swingui.SQLScriptDialog  - Database Target: AP1_dw
28654 [Thread-9] INFO  ca.sqlpower.architect.swingui.SQLScriptDialog  - Playpen Dump: AP1_dw
28654 [Thread-9] INFO  ca.sqlpower.architect.swingui.SQLScriptDialog  - executing: 
CREATE TABLE public.dim_data (
                sk_data INTEGER NOT NULL,
                nk_data DATE NOT NULL,
                desc_data_completa VARCHAR(60) NOT NULL,
                nr_ano INTEGER NOT NULL,
                nm_trimestre VARCHAR(20) NOT NULL,
                nr_ano_trimestre VARCHAR(20) NOT NULL,
                nr_mes INTEGER NOT NULL,
                nm_mes VARCHAR(20) NOT NULL,
                ano_mes VARCHAR(20) NOT NULL,
                nr_semana INTEGER NOT NULL,
                ano_semana VARCHAR(20) NOT NULL,
                nr_dia INTEGER NOT NULL,
                nr_dia_ano INTEGER NOT NULL,
                nm_dia_semana VARCHAR(20) NOT NULL,
                flag_final_semana CHAR(3) NOT NULL,
                flag_feriado CHAR(3) NOT NULL,
                nm_feriado VARCHAR(60) NOT NULL,
                etl_dt_inicio TIMESTAMP NOT NULL,
                etl_dt_fim TIMESTAMP NOT NULL,
                CONSTRAINT sk_data_pk PRIMARY KEY (sk_data)
)
28654 [Thread-9] INFO  ca.sqlpower.architect.swingui.SQLScriptDialog  - executing: 


CREATE SEQUENCE public.avaliacao_sk_avaliacao_seq
28669 [Thread-9] INFO  ca.sqlpower.architect.swingui.SQLScriptDialog  - executing: 

CREATE TABLE public.avaliacao (
                sk_avaliacao INTEGER NOT NULL DEFAULT nextval('public.avaliacao_sk_avaliacao_seq'),
                nk_avaliacao INTEGER NOT NULL,
                nota INTEGER NOT NULL,
                classificacao VARCHAR(10) NOT NULL,
                elt_versao INTEGER NOT NULL,
                etl_dt_inicio DATE NOT NULL,
                elt_dt_fim DATE NOT NULL,
                CONSTRAINT sk_avaliacao PRIMARY KEY (sk_avaliacao)
)
28669 [Thread-9] INFO  ca.sqlpower.architect.swingui.SQLScriptDialog  - executing: 


ALTER SEQUENCE public.avaliacao_sk_avaliacao_seq OWNED BY public.avaliacao.sk_avaliacao
28669 [Thread-9] INFO  ca.sqlpower.architect.swingui.SQLScriptDialog  - executing: 

CREATE SEQUENCE public.produto_sk_produto_seq
28669 [Thread-9] INFO  ca.sqlpower.architect.swingui.SQLScriptDialog  - executing: 

CREATE TABLE public.produto (
                sk_produto INTEGER NOT NULL DEFAULT nextval('public.produto_sk_produto_seq'),
                nk_produto INTEGER NOT NULL,
                modelo VARCHAR(50) NOT NULL,
                valor NUMERIC(10,2) NOT NULL,
                elt_versao INTEGER NOT NULL,
                etl_dt_inicio DATE NOT NULL,
                etl_dt_fim DATE NOT NULL,
                CONSTRAINT sk_produto PRIMARY KEY (sk_produto)
)
28685 [Thread-9] INFO  ca.sqlpower.architect.swingui.SQLScriptDialog  - executing: 


ALTER SEQUENCE public.produto_sk_produto_seq OWNED BY public.produto.sk_produto
28685 [Thread-9] INFO  ca.sqlpower.architect.swingui.SQLScriptDialog  - executing: 

CREATE SEQUENCE public.cliente_sk_cliente_seq
28685 [Thread-9] INFO  ca.sqlpower.architect.swingui.SQLScriptDialog  - executing: 

CREATE TABLE public.cliente (
                sk_cliente INTEGER NOT NULL DEFAULT nextval('public.cliente_sk_cliente_seq'),
                nk_cliente INTEGER NOT NULL,
                nm_cliente VARCHAR(50) NOT NULL,
                sexo VARCHAR(10) NOT NULL,
                dt_nascimeto DATE NOT NULL,
                bairro VARCHAR(50) NOT NULL,
                elt_versao INTEGER NOT NULL,
                elt_dt_inicio DATE NOT NULL,
                etl_dt_fim DATE NOT NULL,
                CONSTRAINT sk_cliente PRIMARY KEY (sk_cliente)
)
28685 [Thread-9] INFO  ca.sqlpower.architect.swingui.SQLScriptDialog  - executing: 


ALTER SEQUENCE public.cliente_sk_cliente_seq OWNED BY public.cliente.sk_cliente
28685 [Thread-9] INFO  ca.sqlpower.architect.swingui.SQLScriptDialog  - executing: 

CREATE TABLE public.pedido (
                sk_produto INTEGER NOT NULL,
                sk_cliente INTEGER NOT NULL,
                sk_avaliacao INTEGER NOT NULL,
                sk_data INTEGER NOT NULL,
                dd_codpedido INTEGER NOT NULL,
                dd_hora_pedido VARCHAR(50) NOT NULL,
                md_qtd INTEGER NOT NULL,
                md_valor_total REAL NOT NULL
)
28685 [Thread-9] INFO  ca.sqlpower.architect.swingui.SQLScriptDialog  - executing: 


ALTER TABLE public.pedido ADD CONSTRAINT dim_data_pedido_fk
FOREIGN KEY (sk_data)
REFERENCES public.dim_data (sk_data)
ON DELETE NO ACTION
ON UPDATE NO ACTION
NOT DEFERRABLE
28685 [Thread-9] INFO  ca.sqlpower.architect.swingui.SQLScriptDialog  - executing: 

ALTER TABLE public.pedido ADD CONSTRAINT avaliacao_pedido_fk
FOREIGN KEY (sk_avaliacao)
REFERENCES public.avaliacao (sk_avaliacao)
ON DELETE NO ACTION
ON UPDATE NO ACTION
NOT DEFERRABLE
28701 [Thread-9] INFO  ca.sqlpower.architect.swingui.SQLScriptDialog  - executing: 

ALTER TABLE public.pedido ADD CONSTRAINT produto_pedido_fk
FOREIGN KEY (sk_produto)
REFERENCES public.produto (sk_produto)
ON DELETE NO ACTION
ON UPDATE NO ACTION
NOT DEFERRABLE
28701 [Thread-9] INFO  ca.sqlpower.architect.swingui.SQLScriptDialog  - executing: 

ALTER TABLE public.pedido ADD CONSTRAINT cliente_pedido_fk
FOREIGN KEY (sk_cliente)
REFERENCES public.cliente (sk_cliente)
ON DELETE NO ACTION
ON UPDATE NO ACTION
NOT DEFERRABLE
28701 [Thread-9] INFO  ca.sqlpower.architect.swingui.SQLScriptDialog  - Successfully executed 15 out of 15 statements.
109591 [AWT-EventQueue-0] INFO  ca.sqlpower.architect.ddl.GenericDDLGenerator  - endStatement: 
CREATE TABLE public.dim_data (
                sk_data INTEGER NOT NULL,
                nk_data DATE NOT NULL,
                desc_data_completa VARCHAR(60) NOT NULL,
                nr_ano INTEGER NOT NULL,
                nm_trimestre VARCHAR(20) NOT NULL,
                nr_ano_trimestre VARCHAR(20) NOT NULL,
                nr_mes INTEGER NOT NULL,
                nm_mes VARCHAR(20) NOT NULL,
                ano_mes VARCHAR(20) NOT NULL,
                nr_semana INTEGER NOT NULL,
                ano_semana VARCHAR(20) NOT NULL,
                nr_dia INTEGER NOT NULL,
                nr_dia_ano INTEGER NOT NULL,
                nm_dia_semana VARCHAR(20) NOT NULL,
                flag_final_semana CHAR(3) NOT NULL,
                flag_feriado CHAR(3) NOT NULL,
                nm_feriado VARCHAR(60) NOT NULL,
                etl_dt_inicio TIMESTAMP NOT NULL,
                etl_dt_fim TIMESTAMP NOT NULL,
                CONSTRAINT sk_data_pk PRIMARY KEY (sk_data)
)
109592 [AWT-EventQueue-0] INFO  ca.sqlpower.architect.ddl.GenericDDLGenerator  - endStatement: 


CREATE SEQUENCE public.avaliacao_sk_avaliacao_seq
109593 [AWT-EventQueue-0] INFO  ca.sqlpower.architect.ddl.GenericDDLGenerator  - endStatement: 

CREATE TABLE public.avaliacao (
                sk_avaliacao INTEGER NOT NULL DEFAULT nextval('public.avaliacao_sk_avaliacao_seq'),
                nk_avaliacao INTEGER NOT NULL,
                nota INTEGER NOT NULL,
                classificacao VARCHAR(10) NOT NULL,
                elt_versao INTEGER NOT NULL,
                etl_dt_inicio DATE NOT NULL,
                elt_dt_fim DATE NOT NULL,
                CONSTRAINT sk_avaliacao PRIMARY KEY (sk_avaliacao)
)
109593 [AWT-EventQueue-0] INFO  ca.sqlpower.architect.ddl.GenericDDLGenerator  - endStatement: 


ALTER SEQUENCE public.avaliacao_sk_avaliacao_seq OWNED BY public.avaliacao.sk_avaliacao
109594 [AWT-EventQueue-0] INFO  ca.sqlpower.architect.ddl.GenericDDLGenerator  - endStatement: 

CREATE SEQUENCE public.produto_sk_produto_seq
109594 [AWT-EventQueue-0] INFO  ca.sqlpower.architect.ddl.GenericDDLGenerator  - endStatement: 

CREATE TABLE public.produto (
                sk_produto INTEGER NOT NULL DEFAULT nextval('public.produto_sk_produto_seq'),
                nk_produto INTEGER NOT NULL,
                modelo VARCHAR(50) NOT NULL,
                valor NUMERIC(10,2) NOT NULL,
                elt_versao INTEGER NOT NULL,
                etl_dt_inicio DATE NOT NULL,
                etl_dt_fim DATE NOT NULL,
                CONSTRAINT sk_produto PRIMARY KEY (sk_produto)
)
109595 [AWT-EventQueue-0] INFO  ca.sqlpower.architect.ddl.GenericDDLGenerator  - endStatement: 


ALTER SEQUENCE public.produto_sk_produto_seq OWNED BY public.produto.sk_produto
109595 [AWT-EventQueue-0] INFO  ca.sqlpower.architect.ddl.GenericDDLGenerator  - endStatement: 

CREATE SEQUENCE public.cliente_sk_cliente_seq
109595 [AWT-EventQueue-0] INFO  ca.sqlpower.architect.ddl.GenericDDLGenerator  - endStatement: 

CREATE TABLE public.cliente (
                sk_cliente INTEGER NOT NULL DEFAULT nextval('public.cliente_sk_cliente_seq'),
                nk_cliente INTEGER NOT NULL,
                nm_cliente VARCHAR(50) NOT NULL,
                sexo VARCHAR(10) NOT NULL,
                dt_nascimeto DATE NOT NULL,
                bairro VARCHAR(50) NOT NULL,
                elt_versao INTEGER NOT NULL,
                elt_dt_inicio DATE NOT NULL,
                etl_dt_fim DATE NOT NULL,
                CONSTRAINT sk_cliente PRIMARY KEY (sk_cliente)
)
109596 [AWT-EventQueue-0] INFO  ca.sqlpower.architect.ddl.GenericDDLGenerator  - endStatement: 


ALTER SEQUENCE public.cliente_sk_cliente_seq OWNED BY public.cliente.sk_cliente
109596 [AWT-EventQueue-0] INFO  ca.sqlpower.architect.ddl.GenericDDLGenerator  - endStatement: 

CREATE TABLE public.pedido (
                sk_produto INTEGER NOT NULL,
                sk_cliente INTEGER NOT NULL,
                sk_avaliacao INTEGER NOT NULL,
                sk_data INTEGER NOT NULL,
                dd_codpedido INTEGER NOT NULL,
                dd_hora_pedido VARCHAR(50) NOT NULL,
                md_qtd INTEGER NOT NULL,
                md_valor_total REAL NOT NULL
)
109596 [AWT-EventQueue-0] INFO  ca.sqlpower.architect.ddl.GenericDDLGenerator  - endStatement: 


ALTER TABLE public.pedido ADD CONSTRAINT dim_data_pedido_fk
FOREIGN KEY (sk_data)
REFERENCES public.dim_data (sk_data)
ON DELETE NO ACTION
ON UPDATE NO ACTION
NOT DEFERRABLE
109596 [AWT-EventQueue-0] INFO  ca.sqlpower.architect.ddl.GenericDDLGenerator  - endStatement: 

ALTER TABLE public.pedido ADD CONSTRAINT avaliacao_pedido_fk
FOREIGN KEY (sk_avaliacao)
REFERENCES public.avaliacao (sk_avaliacao)
ON DELETE NO ACTION
ON UPDATE NO ACTION
NOT DEFERRABLE
109597 [AWT-EventQueue-0] INFO  ca.sqlpower.architect.ddl.GenericDDLGenerator  - endStatement: 

ALTER TABLE public.pedido ADD CONSTRAINT produto_pedido_fk
FOREIGN KEY (sk_produto)
REFERENCES public.produto (sk_produto)
ON DELETE NO ACTION
ON UPDATE NO ACTION
NOT DEFERRABLE
109597 [AWT-EventQueue-0] INFO  ca.sqlpower.architect.ddl.GenericDDLGenerator  - endStatement: 

ALTER TABLE public.pedido ADD CONSTRAINT cliente_pedido_fk
FOREIGN KEY (sk_cliente)
REFERENCES public.cliente (sk_cliente)
ON DELETE NO ACTION
ON UPDATE NO ACTION
NOT DEFERRABLE
109597 [AWT-EventQueue-0] INFO  ca.sqlpower.architect.swingui.SQLScriptDialog  - The list size is :15
111190 [Thread-10] INFO  ca.sqlpower.sql.JDBCDataSource  - Driver Class org.postgresql.Driver loaded without exception
111487 [Thread-10] ERROR ca.sqlpower.architect.ddl.ConflictResolver  - Sequence conflicts not supported.
111487 [Thread-10] ERROR ca.sqlpower.architect.ddl.ConflictResolver  - Sequence conflicts not supported.
111487 [Thread-10] ERROR ca.sqlpower.architect.ddl.ConflictResolver  - Sequence conflicts not supported.
111487 [Thread-10] ERROR ca.sqlpower.architect.ddl.ConflictResolver  - Sequence conflicts not supported.
111487 [Thread-10] ERROR ca.sqlpower.architect.ddl.ConflictResolver  - Sequence conflicts not supported.
111487 [Thread-10] ERROR ca.sqlpower.architect.ddl.ConflictResolver  - Sequence conflicts not supported.
111487 [Thread-10] ERROR ca.sqlpower.architect.ddl.ConflictResolver  - Relationship conflicts are not supported yet!
111487 [Thread-10] ERROR ca.sqlpower.architect.ddl.ConflictResolver  - Relationship conflicts are not supported yet!
111487 [Thread-10] ERROR ca.sqlpower.architect.ddl.ConflictResolver  - Relationship conflicts are not supported yet!
111487 [Thread-10] ERROR ca.sqlpower.architect.ddl.ConflictResolver  - Relationship conflicts are not supported yet!
118203 [Thread-12] INFO  ca.sqlpower.sql.JDBCDataSource  - Driver Class org.postgresql.Driver loaded without exception
118249 [Thread-12] INFO  ca.sqlpower.architect.swingui.SQLScriptDialog  - Starting DDL Generation at Thu Nov 18 15:38:30 BRT 2021
118249 [Thread-12] INFO  ca.sqlpower.architect.swingui.SQLScriptDialog  - Database Target: AP1_dw
118249 [Thread-12] INFO  ca.sqlpower.architect.swingui.SQLScriptDialog  - Playpen Dump: AP1_dw
118249 [Thread-12] INFO  ca.sqlpower.architect.swingui.SQLScriptDialog  - executing: 
CREATE TABLE public.dim_data (
                sk_data INTEGER NOT NULL,
                nk_data DATE NOT NULL,
                desc_data_completa VARCHAR(60) NOT NULL,
                nr_ano INTEGER NOT NULL,
                nm_trimestre VARCHAR(20) NOT NULL,
                nr_ano_trimestre VARCHAR(20) NOT NULL,
                nr_mes INTEGER NOT NULL,
                nm_mes VARCHAR(20) NOT NULL,
                ano_mes VARCHAR(20) NOT NULL,
                nr_semana INTEGER NOT NULL,
                ano_semana VARCHAR(20) NOT NULL,
                nr_dia INTEGER NOT NULL,
                nr_dia_ano INTEGER NOT NULL,
                nm_dia_semana VARCHAR(20) NOT NULL,
                flag_final_semana CHAR(3) NOT NULL,
                flag_feriado CHAR(3) NOT NULL,
                nm_feriado VARCHAR(60) NOT NULL,
                etl_dt_inicio TIMESTAMP NOT NULL,
                etl_dt_fim TIMESTAMP NOT NULL,
                CONSTRAINT sk_data_pk PRIMARY KEY (sk_data)
)
118259 [Thread-12] INFO  ca.sqlpower.architect.swingui.SQLScriptDialog  - sql statement failed: ERROR: relation "dim_data" already exists
123890 [Thread-12] INFO  ca.sqlpower.architect.swingui.SQLScriptDialog  - executing: 


CREATE SEQUENCE public.avaliacao_sk_avaliacao_seq
123898 [Thread-12] INFO  ca.sqlpower.architect.swingui.SQLScriptDialog  - executing: 

CREATE TABLE public.avaliacao (
                sk_avaliacao INTEGER NOT NULL DEFAULT nextval('public.avaliacao_sk_avaliacao_seq'),
                nk_avaliacao INTEGER NOT NULL,
                nota INTEGER NOT NULL,
                classificacao VARCHAR(10) NOT NULL,
                elt_versao INTEGER NOT NULL,
                etl_dt_inicio DATE NOT NULL,
                elt_dt_fim DATE NOT NULL,
                CONSTRAINT sk_avaliacao PRIMARY KEY (sk_avaliacao)
)
123900 [Thread-12] INFO  ca.sqlpower.architect.swingui.SQLScriptDialog  - executing: 


ALTER SEQUENCE public.avaliacao_sk_avaliacao_seq OWNED BY public.avaliacao.sk_avaliacao
123900 [Thread-12] INFO  ca.sqlpower.architect.swingui.SQLScriptDialog  - executing: 

CREATE SEQUENCE public.produto_sk_produto_seq
123900 [Thread-12] INFO  ca.sqlpower.architect.swingui.SQLScriptDialog  - executing: 

CREATE TABLE public.produto (
                sk_produto INTEGER NOT NULL DEFAULT nextval('public.produto_sk_produto_seq'),
                nk_produto INTEGER NOT NULL,
                modelo VARCHAR(50) NOT NULL,
                valor NUMERIC(10,2) NOT NULL,
                elt_versao INTEGER NOT NULL,
                etl_dt_inicio DATE NOT NULL,
                etl_dt_fim DATE NOT NULL,
                CONSTRAINT sk_produto PRIMARY KEY (sk_produto)
)
123909 [Thread-12] INFO  ca.sqlpower.architect.swingui.SQLScriptDialog  - executing: 


ALTER SEQUENCE public.produto_sk_produto_seq OWNED BY public.produto.sk_produto
123909 [Thread-12] INFO  ca.sqlpower.architect.swingui.SQLScriptDialog  - executing: 

CREATE SEQUENCE public.cliente_sk_cliente_seq
123909 [Thread-12] INFO  ca.sqlpower.architect.swingui.SQLScriptDialog  - executing: 

CREATE TABLE public.cliente (
                sk_cliente INTEGER NOT NULL DEFAULT nextval('public.cliente_sk_cliente_seq'),
                nk_cliente INTEGER NOT NULL,
                nm_cliente VARCHAR(50) NOT NULL,
                sexo VARCHAR(10) NOT NULL,
                dt_nascimeto DATE NOT NULL,
                bairro VARCHAR(50) NOT NULL,
                elt_versao INTEGER NOT NULL,
                elt_dt_inicio DATE NOT NULL,
                etl_dt_fim DATE NOT NULL,
                CONSTRAINT sk_cliente PRIMARY KEY (sk_cliente)
)
123919 [Thread-12] INFO  ca.sqlpower.architect.swingui.SQLScriptDialog  - executing: 


ALTER SEQUENCE public.cliente_sk_cliente_seq OWNED BY public.cliente.sk_cliente
123919 [Thread-12] INFO  ca.sqlpower.architect.swingui.SQLScriptDialog  - executing: 

CREATE TABLE public.pedido (
                sk_produto INTEGER NOT NULL,
                sk_cliente INTEGER NOT NULL,
                sk_avaliacao INTEGER NOT NULL,
                sk_data INTEGER NOT NULL,
                dd_codpedido INTEGER NOT NULL,
                dd_hora_pedido VARCHAR(50) NOT NULL,
                md_qtd INTEGER NOT NULL,
                md_valor_total REAL NOT NULL
)
123919 [Thread-12] INFO  ca.sqlpower.architect.swingui.SQLScriptDialog  - executing: 


ALTER TABLE public.pedido ADD CONSTRAINT dim_data_pedido_fk
FOREIGN KEY (sk_data)
REFERENCES public.dim_data (sk_data)
ON DELETE NO ACTION
ON UPDATE NO ACTION
NOT DEFERRABLE
123919 [Thread-12] INFO  ca.sqlpower.architect.swingui.SQLScriptDialog  - executing: 

ALTER TABLE public.pedido ADD CONSTRAINT avaliacao_pedido_fk
FOREIGN KEY (sk_avaliacao)
REFERENCES public.avaliacao (sk_avaliacao)
ON DELETE NO ACTION
ON UPDATE NO ACTION
NOT DEFERRABLE
123929 [Thread-12] INFO  ca.sqlpower.architect.swingui.SQLScriptDialog  - executing: 

ALTER TABLE public.pedido ADD CONSTRAINT produto_pedido_fk
FOREIGN KEY (sk_produto)
REFERENCES public.produto (sk_produto)
ON DELETE NO ACTION
ON UPDATE NO ACTION
NOT DEFERRABLE
123929 [Thread-12] INFO  ca.sqlpower.architect.swingui.SQLScriptDialog  - executing: 

ALTER TABLE public.pedido ADD CONSTRAINT cliente_pedido_fk
FOREIGN KEY (sk_cliente)
REFERENCES public.cliente (sk_cliente)
ON DELETE NO ACTION
ON UPDATE NO ACTION
NOT DEFERRABLE
123929 [Thread-12] INFO  ca.sqlpower.architect.swingui.SQLScriptDialog  - Successfully executed 14 out of 15 statements.
0    [AWT-EventQueue-0] INFO  ca.sqlpower.architect.ArchitectUtils  - Log4J configured successfully
546  [AWT-EventQueue-0] INFO  ca.sqlpower.sql.PlDotIni  - Beginning to read/merge new pl.ini data
596  [AWT-EventQueue-0] INFO  ca.sqlpower.sql.PlDotIni  - Finished reading file.
611  [AWT-EventQueue-0] INFO  ca.sqlpower.sql.PlDotIni  - Beginning to read/merge new pl.ini data
643  [AWT-EventQueue-0] INFO  ca.sqlpower.sql.PlDotIni  - Finished reading file.
3463 [Thread-5] ERROR ca.sqlpower.architect.swingui.action.CheckForUpdateAction  - Fail to retrieve current version number!
0    [AWT-EventQueue-0] INFO  ca.sqlpower.architect.ArchitectUtils  - Log4J configured successfully
587  [AWT-EventQueue-0] INFO  ca.sqlpower.sql.PlDotIni  - Beginning to read/merge new pl.ini data
671  [AWT-EventQueue-0] INFO  ca.sqlpower.sql.PlDotIni  - Finished reading file.
671  [AWT-EventQueue-0] INFO  ca.sqlpower.sql.PlDotIni  - Beginning to read/merge new pl.ini data
740  [AWT-EventQueue-0] INFO  ca.sqlpower.sql.PlDotIni  - Finished reading file.
3361 [Thread-5] ERROR ca.sqlpower.architect.swingui.action.CheckForUpdateAction  - Fail to retrieve current version number!
9360 [AWT-EventQueue-0] WARN  ca.sqlpower.sqlobject.ForeignKeyColumnUpdaterPoolingSPListener  - Warning: unknown SQLTypePhysicalProperties property name changed while monitoring pkTable
0    [AWT-EventQueue-0] INFO  ca.sqlpower.architect.ArchitectUtils  - Log4J configured successfully
742  [AWT-EventQueue-0] INFO  ca.sqlpower.sql.PlDotIni  - Beginning to read/merge new pl.ini data
828  [AWT-EventQueue-0] INFO  ca.sqlpower.sql.PlDotIni  - Finished reading file.
829  [AWT-EventQueue-0] INFO  ca.sqlpower.sql.PlDotIni  - Beginning to read/merge new pl.ini data
890  [AWT-EventQueue-0] INFO  ca.sqlpower.sql.PlDotIni  - Finished reading file.
3771 [Thread-5] ERROR ca.sqlpower.architect.swingui.action.CheckForUpdateAction  - Fail to retrieve current version number!
215646 [AWT-EventQueue-0] INFO  ca.sqlpower.architect.ddl.GenericDDLGenerator  - endStatement: 
CREATE SEQUENCE public.dim_data_nk_data_seq
215658 [AWT-EventQueue-0] INFO  ca.sqlpower.architect.ddl.GenericDDLGenerator  - endStatement: 

CREATE TABLE public.dim_data (
                sk_data INTEGER NOT NULL,
                nk_data DATE NOT NULL DEFAULT nextval('public.dim_data_nk_data_seq'),
                desc_data_completa VARCHAR(60) NOT NULL,
                nr_ano INTEGER NOT NULL,
                nm_trimestre VARCHAR(20) NOT NULL,
                nr_ano_trimestre VARCHAR(20) NOT NULL,
                nr_mes INTEGER NOT NULL,
                nm_mes VARCHAR(20) NOT NULL,
                ano_mes VARCHAR(20) NOT NULL,
                nr_semana INTEGER NOT NULL,
                ano_semana VARCHAR(20) NOT NULL,
                nr_dia INTEGER NOT NULL,
                nr_dia_ano INTEGER NOT NULL,
                nm_dia_semana VARCHAR(20) NOT NULL,
                flag_final_semana CHAR(3) NOT NULL,
                flag_feriado CHAR(3) NOT NULL,
                nm_feriado VARCHAR(60) NOT NULL,
                etl_dt_inicio TIMESTAMP NOT NULL,
                etl_dt_fim TIMESTAMP NOT NULL,
                CONSTRAINT sk_data_pk PRIMARY KEY (sk_data)
)
215658 [AWT-EventQueue-0] INFO  ca.sqlpower.architect.ddl.GenericDDLGenerator  - endStatement: 


ALTER SEQUENCE public.dim_data_nk_data_seq OWNED BY public.dim_data.nk_data
215658 [AWT-EventQueue-0] INFO  ca.sqlpower.architect.ddl.GenericDDLGenerator  - endStatement: 

CREATE SEQUENCE public.avaliacao_sk_avaliacao_seq
215658 [AWT-EventQueue-0] INFO  ca.sqlpower.architect.ddl.GenericDDLGenerator  - endStatement: 

CREATE SEQUENCE public.avaliacao_nk_avaliacao_seq
215658 [AWT-EventQueue-0] INFO  ca.sqlpower.architect.ddl.GenericDDLGenerator  - endStatement: 

CREATE TABLE public.avaliacao (
                sk_avaliacao INTEGER NOT NULL DEFAULT nextval('public.avaliacao_sk_avaliacao_seq'),
                nk_avaliacao INTEGER NOT NULL DEFAULT nextval('public.avaliacao_nk_avaliacao_seq'),
                nota INTEGER NOT NULL,
                classificacao VARCHAR(10) NOT NULL,
                elt_versao INTEGER NOT NULL,
                etl_dt_inicio DATE NOT NULL,
                elt_dt_fim DATE NOT NULL,
                CONSTRAINT sk_avaliacao PRIMARY KEY (sk_avaliacao)
)
215658 [AWT-EventQueue-0] INFO  ca.sqlpower.architect.ddl.GenericDDLGenerator  - endStatement: 


ALTER SEQUENCE public.avaliacao_sk_avaliacao_seq OWNED BY public.avaliacao.sk_avaliacao
215658 [AWT-EventQueue-0] INFO  ca.sqlpower.architect.ddl.GenericDDLGenerator  - endStatement: 

ALTER SEQUENCE public.avaliacao_nk_avaliacao_seq OWNED BY public.avaliacao.nk_avaliacao
215658 [AWT-EventQueue-0] INFO  ca.sqlpower.architect.ddl.GenericDDLGenerator  - endStatement: 

CREATE SEQUENCE public.produto_sk_produto_seq
215658 [AWT-EventQueue-0] INFO  ca.sqlpower.architect.ddl.GenericDDLGenerator  - endStatement: 

CREATE SEQUENCE public.produto_nk_produto_seq
215658 [AWT-EventQueue-0] INFO  ca.sqlpower.architect.ddl.GenericDDLGenerator  - endStatement: 

CREATE TABLE public.produto (
                sk_produto INTEGER NOT NULL DEFAULT nextval('public.produto_sk_produto_seq'),
                nk_produto INTEGER NOT NULL DEFAULT nextval('public.produto_nk_produto_seq'),
                modelo VARCHAR(50) NOT NULL,
                valor NUMERIC(10,2) NOT NULL,
                elt_versao INTEGER NOT NULL,
                etl_dt_inicio DATE NOT NULL,
                etl_dt_fim DATE NOT NULL,
                CONSTRAINT sk_produto PRIMARY KEY (sk_produto)
)
215658 [AWT-EventQueue-0] INFO  ca.sqlpower.architect.ddl.GenericDDLGenerator  - endStatement: 


ALTER SEQUENCE public.produto_sk_produto_seq OWNED BY public.produto.sk_produto
215658 [AWT-EventQueue-0] INFO  ca.sqlpower.architect.ddl.GenericDDLGenerator  - endStatement: 

ALTER SEQUENCE public.produto_nk_produto_seq OWNED BY public.produto.nk_produto
215658 [AWT-EventQueue-0] INFO  ca.sqlpower.architect.ddl.GenericDDLGenerator  - endStatement: 

CREATE SEQUENCE public.cliente_sk_cliente_seq
215658 [AWT-EventQueue-0] INFO  ca.sqlpower.architect.ddl.GenericDDLGenerator  - endStatement: 

CREATE SEQUENCE public.cliente_nk_cliente_seq
215658 [AWT-EventQueue-0] INFO  ca.sqlpower.architect.ddl.GenericDDLGenerator  - endStatement: 

CREATE TABLE public.cliente (
                sk_cliente INTEGER NOT NULL DEFAULT nextval('public.cliente_sk_cliente_seq'),
                nk_cliente INTEGER NOT NULL DEFAULT nextval('public.cliente_nk_cliente_seq'),
                nm_cliente VARCHAR(50) NOT NULL,
                sexo VARCHAR(10) NOT NULL,
                dt_nascimeto DATE NOT NULL,
                bairro VARCHAR(50) NOT NULL,
                elt_versao INTEGER NOT NULL,
                elt_dt_inicio DATE NOT NULL,
                etl_dt_fim DATE NOT NULL,
                CONSTRAINT sk_cliente PRIMARY KEY (sk_cliente)
)
215658 [AWT-EventQueue-0] INFO  ca.sqlpower.architect.ddl.GenericDDLGenerator  - endStatement: 


ALTER SEQUENCE public.cliente_sk_cliente_seq OWNED BY public.cliente.sk_cliente
215658 [AWT-EventQueue-0] INFO  ca.sqlpower.architect.ddl.GenericDDLGenerator  - endStatement: 

ALTER SEQUENCE public.cliente_nk_cliente_seq OWNED BY public.cliente.nk_cliente
215658 [AWT-EventQueue-0] INFO  ca.sqlpower.architect.ddl.GenericDDLGenerator  - endStatement: 

CREATE TABLE public.pedido (
                sk_produto INTEGER NOT NULL,
                sk_cliente INTEGER NOT NULL,
                sk_avaliacao INTEGER NOT NULL,
                sk_data INTEGER NOT NULL,
                dd_codpedido INTEGER NOT NULL,
                dd_hora_pedido VARCHAR(50) NOT NULL,
                md_qtd INTEGER NOT NULL,
                md_valor_total REAL NOT NULL
)
215658 [AWT-EventQueue-0] INFO  ca.sqlpower.architect.ddl.GenericDDLGenerator  - endStatement: 


ALTER TABLE public.pedido ADD CONSTRAINT dim_data_pedido_fk
FOREIGN KEY (sk_data)
REFERENCES public.dim_data (sk_data)
ON DELETE NO ACTION
ON UPDATE NO ACTION
NOT DEFERRABLE
215658 [AWT-EventQueue-0] INFO  ca.sqlpower.architect.ddl.GenericDDLGenerator  - endStatement: 

ALTER TABLE public.pedido ADD CONSTRAINT avaliacao_pedido_fk
FOREIGN KEY (sk_avaliacao)
REFERENCES public.avaliacao (sk_avaliacao)
ON DELETE NO ACTION
ON UPDATE NO ACTION
NOT DEFERRABLE
215658 [AWT-EventQueue-0] INFO  ca.sqlpower.architect.ddl.GenericDDLGenerator  - endStatement: 

ALTER TABLE public.pedido ADD CONSTRAINT produto_pedido_fk
FOREIGN KEY (sk_produto)
REFERENCES public.produto (sk_produto)
ON DELETE NO ACTION
ON UPDATE NO ACTION
NOT DEFERRABLE
215658 [AWT-EventQueue-0] INFO  ca.sqlpower.architect.ddl.GenericDDLGenerator  - endStatement: 

ALTER TABLE public.pedido ADD CONSTRAINT cliente_pedido_fk
FOREIGN KEY (sk_cliente)
REFERENCES public.cliente (sk_cliente)
ON DELETE NO ACTION
ON UPDATE NO ACTION
NOT DEFERRABLE
215658 [AWT-EventQueue-0] INFO  ca.sqlpower.architect.swingui.SQLScriptDialog  - The list size is :23
217164 [Thread-7] INFO  ca.sqlpower.sql.JDBCDataSource  - Driver Class org.postgresql.Driver loaded without exception
217343 [Thread-7] ERROR ca.sqlpower.architect.ddl.ConflictResolver  - Sequence conflicts not supported.
217625 [Thread-7] ERROR ca.sqlpower.architect.ddl.ConflictResolver  - Sequence conflicts not supported.
217625 [Thread-7] ERROR ca.sqlpower.architect.ddl.ConflictResolver  - Sequence conflicts not supported.
217625 [Thread-7] ERROR ca.sqlpower.architect.ddl.ConflictResolver  - Sequence conflicts not supported.
217625 [Thread-7] ERROR ca.sqlpower.architect.ddl.ConflictResolver  - Sequence conflicts not supported.
217625 [Thread-7] ERROR ca.sqlpower.architect.ddl.ConflictResolver  - Sequence conflicts not supported.
217625 [Thread-7] ERROR ca.sqlpower.architect.ddl.ConflictResolver  - Sequence conflicts not supported.
217625 [Thread-7] ERROR ca.sqlpower.architect.ddl.ConflictResolver  - Sequence conflicts not supported.
217625 [Thread-7] ERROR ca.sqlpower.architect.ddl.ConflictResolver  - Sequence conflicts not supported.
217625 [Thread-7] ERROR ca.sqlpower.architect.ddl.ConflictResolver  - Sequence conflicts not supported.
217625 [Thread-7] ERROR ca.sqlpower.architect.ddl.ConflictResolver  - Sequence conflicts not supported.
217625 [Thread-7] ERROR ca.sqlpower.architect.ddl.ConflictResolver  - Sequence conflicts not supported.
217625 [Thread-7] ERROR ca.sqlpower.architect.ddl.ConflictResolver  - Sequence conflicts not supported.
217625 [Thread-7] ERROR ca.sqlpower.architect.ddl.ConflictResolver  - Sequence conflicts not supported.
217625 [Thread-7] ERROR ca.sqlpower.architect.ddl.ConflictResolver  - Relationship conflicts are not supported yet!
217625 [Thread-7] ERROR ca.sqlpower.architect.ddl.ConflictResolver  - Relationship conflicts are not supported yet!
217640 [Thread-7] ERROR ca.sqlpower.architect.ddl.ConflictResolver  - Relationship conflicts are not supported yet!
217640 [Thread-7] ERROR ca.sqlpower.architect.ddl.ConflictResolver  - Relationship conflicts are not supported yet!
222346 [Thread-9] INFO  ca.sqlpower.sql.JDBCDataSource  - Driver Class org.postgresql.Driver loaded without exception
222385 [Thread-9] INFO  ca.sqlpower.architect.swingui.SQLScriptDialog  - Starting DDL Generation at Thu Nov 18 21:33:45 BRT 2021
222385 [Thread-9] INFO  ca.sqlpower.architect.swingui.SQLScriptDialog  - Database Target: AP1_dw
222385 [Thread-9] INFO  ca.sqlpower.architect.swingui.SQLScriptDialog  - Playpen Dump: AP1_dw
222401 [Thread-9] INFO  ca.sqlpower.architect.swingui.SQLScriptDialog  - executing: 
CREATE SEQUENCE public.dim_data_nk_data_seq
222401 [Thread-9] INFO  ca.sqlpower.architect.swingui.SQLScriptDialog  - executing: 

CREATE TABLE public.dim_data (
                sk_data INTEGER NOT NULL,
                nk_data DATE NOT NULL DEFAULT nextval('public.dim_data_nk_data_seq'),
                desc_data_completa VARCHAR(60) NOT NULL,
                nr_ano INTEGER NOT NULL,
                nm_trimestre VARCHAR(20) NOT NULL,
                nr_ano_trimestre VARCHAR(20) NOT NULL,
                nr_mes INTEGER NOT NULL,
                nm_mes VARCHAR(20) NOT NULL,
                ano_mes VARCHAR(20) NOT NULL,
                nr_semana INTEGER NOT NULL,
                ano_semana VARCHAR(20) NOT NULL,
                nr_dia INTEGER NOT NULL,
                nr_dia_ano INTEGER NOT NULL,
                nm_dia_semana VARCHAR(20) NOT NULL,
                flag_final_semana CHAR(3) NOT NULL,
                flag_feriado CHAR(3) NOT NULL,
                nm_feriado VARCHAR(60) NOT NULL,
                etl_dt_inicio TIMESTAMP NOT NULL,
                etl_dt_fim TIMESTAMP NOT NULL,
                CONSTRAINT sk_data_pk PRIMARY KEY (sk_data)
)
222417 [Thread-9] INFO  ca.sqlpower.architect.swingui.SQLScriptDialog  - sql statement failed: ERROR: relation "dim_data" already exists
223593 [Thread-9] INFO  ca.sqlpower.architect.swingui.SQLScriptDialog  - executing: 


ALTER SEQUENCE public.dim_data_nk_data_seq OWNED BY public.dim_data.nk_data
223595 [Thread-9] INFO  ca.sqlpower.architect.swingui.SQLScriptDialog  - executing: 

CREATE SEQUENCE public.avaliacao_sk_avaliacao_seq
223597 [Thread-9] INFO  ca.sqlpower.architect.swingui.SQLScriptDialog  - executing: 

CREATE SEQUENCE public.avaliacao_nk_avaliacao_seq
223599 [Thread-9] INFO  ca.sqlpower.architect.swingui.SQLScriptDialog  - executing: 

CREATE TABLE public.avaliacao (
                sk_avaliacao INTEGER NOT NULL DEFAULT nextval('public.avaliacao_sk_avaliacao_seq'),
                nk_avaliacao INTEGER NOT NULL DEFAULT nextval('public.avaliacao_nk_avaliacao_seq'),
                nota INTEGER NOT NULL,
                classificacao VARCHAR(10) NOT NULL,
                elt_versao INTEGER NOT NULL,
                etl_dt_inicio DATE NOT NULL,
                elt_dt_fim DATE NOT NULL,
                CONSTRAINT sk_avaliacao PRIMARY KEY (sk_avaliacao)
)
223603 [Thread-9] INFO  ca.sqlpower.architect.swingui.SQLScriptDialog  - executing: 


ALTER SEQUENCE public.avaliacao_sk_avaliacao_seq OWNED BY public.avaliacao.sk_avaliacao
223603 [Thread-9] INFO  ca.sqlpower.architect.swingui.SQLScriptDialog  - executing: 

ALTER SEQUENCE public.avaliacao_nk_avaliacao_seq OWNED BY public.avaliacao.nk_avaliacao
223603 [Thread-9] INFO  ca.sqlpower.architect.swingui.SQLScriptDialog  - executing: 

CREATE SEQUENCE public.produto_sk_produto_seq
223603 [Thread-9] INFO  ca.sqlpower.architect.swingui.SQLScriptDialog  - executing: 

CREATE SEQUENCE public.produto_nk_produto_seq
223603 [Thread-9] INFO  ca.sqlpower.architect.swingui.SQLScriptDialog  - executing: 

CREATE TABLE public.produto (
                sk_produto INTEGER NOT NULL DEFAULT nextval('public.produto_sk_produto_seq'),
                nk_produto INTEGER NOT NULL DEFAULT nextval('public.produto_nk_produto_seq'),
                modelo VARCHAR(50) NOT NULL,
                valor NUMERIC(10,2) NOT NULL,
                elt_versao INTEGER NOT NULL,
                etl_dt_inicio DATE NOT NULL,
                etl_dt_fim DATE NOT NULL,
                CONSTRAINT sk_produto PRIMARY KEY (sk_produto)
)
223619 [Thread-9] INFO  ca.sqlpower.architect.swingui.SQLScriptDialog  - executing: 


ALTER SEQUENCE public.produto_sk_produto_seq OWNED BY public.produto.sk_produto
223619 [Thread-9] INFO  ca.sqlpower.architect.swingui.SQLScriptDialog  - executing: 

ALTER SEQUENCE public.produto_nk_produto_seq OWNED BY public.produto.nk_produto
223619 [Thread-9] INFO  ca.sqlpower.architect.swingui.SQLScriptDialog  - executing: 

CREATE SEQUENCE public.cliente_sk_cliente_seq
223619 [Thread-9] INFO  ca.sqlpower.architect.swingui.SQLScriptDialog  - executing: 

CREATE SEQUENCE public.cliente_nk_cliente_seq
223619 [Thread-9] INFO  ca.sqlpower.architect.swingui.SQLScriptDialog  - executing: 

CREATE TABLE public.cliente (
                sk_cliente INTEGER NOT NULL DEFAULT nextval('public.cliente_sk_cliente_seq'),
                nk_cliente INTEGER NOT NULL DEFAULT nextval('public.cliente_nk_cliente_seq'),
                nm_cliente VARCHAR(50) NOT NULL,
                sexo VARCHAR(10) NOT NULL,
                dt_nascimeto DATE NOT NULL,
                bairro VARCHAR(50) NOT NULL,
                elt_versao INTEGER NOT NULL,
                elt_dt_inicio DATE NOT NULL,
                etl_dt_fim DATE NOT NULL,
                CONSTRAINT sk_cliente PRIMARY KEY (sk_cliente)
)
223619 [Thread-9] INFO  ca.sqlpower.architect.swingui.SQLScriptDialog  - executing: 


ALTER SEQUENCE public.cliente_sk_cliente_seq OWNED BY public.cliente.sk_cliente
223619 [Thread-9] INFO  ca.sqlpower.architect.swingui.SQLScriptDialog  - executing: 

ALTER SEQUENCE public.cliente_nk_cliente_seq OWNED BY public.cliente.nk_cliente
223619 [Thread-9] INFO  ca.sqlpower.architect.swingui.SQLScriptDialog  - executing: 

CREATE TABLE public.pedido (
                sk_produto INTEGER NOT NULL,
                sk_cliente INTEGER NOT NULL,
                sk_avaliacao INTEGER NOT NULL,
                sk_data INTEGER NOT NULL,
                dd_codpedido INTEGER NOT NULL,
                dd_hora_pedido VARCHAR(50) NOT NULL,
                md_qtd INTEGER NOT NULL,
                md_valor_total REAL NOT NULL
)
223634 [Thread-9] INFO  ca.sqlpower.architect.swingui.SQLScriptDialog  - executing: 


ALTER TABLE public.pedido ADD CONSTRAINT dim_data_pedido_fk
FOREIGN KEY (sk_data)
REFERENCES public.dim_data (sk_data)
ON DELETE NO ACTION
ON UPDATE NO ACTION
NOT DEFERRABLE
223634 [Thread-9] INFO  ca.sqlpower.architect.swingui.SQLScriptDialog  - executing: 

ALTER TABLE public.pedido ADD CONSTRAINT avaliacao_pedido_fk
FOREIGN KEY (sk_avaliacao)
REFERENCES public.avaliacao (sk_avaliacao)
ON DELETE NO ACTION
ON UPDATE NO ACTION
NOT DEFERRABLE
223634 [Thread-9] INFO  ca.sqlpower.architect.swingui.SQLScriptDialog  - executing: 

ALTER TABLE public.pedido ADD CONSTRAINT produto_pedido_fk
FOREIGN KEY (sk_produto)
REFERENCES public.produto (sk_produto)
ON DELETE NO ACTION
ON UPDATE NO ACTION
NOT DEFERRABLE
223634 [Thread-9] INFO  ca.sqlpower.architect.swingui.SQLScriptDialog  - executing: 

ALTER TABLE public.pedido ADD CONSTRAINT cliente_pedido_fk
FOREIGN KEY (sk_cliente)
REFERENCES public.cliente (sk_cliente)
ON DELETE NO ACTION
ON UPDATE NO ACTION
NOT DEFERRABLE
223634 [Thread-9] INFO  ca.sqlpower.architect.swingui.SQLScriptDialog  - Successfully executed 22 out of 23 statements.
